{"D:\\ARTEM\\JS\\rs-school\\react\\module1\\src\\App.tsx": {"path":"D:\\ARTEM\\JS\\rs-school\\react\\module1\\src\\App.tsx","statementMap":{"0":{"start":{"line":1,"column":0},"end":{"line":1,"column":null}},"1":{"start":{"line":7,"column":0},"end":{"line":7,"column":61}},"2":{"start":{"line":8,"column":0},"end":{"line":8,"column":50}},"3":{"start":{"line":9,"column":0},"end":{"line":9,"column":56}},"4":{"start":{"line":10,"column":0},"end":{"line":10,"column":55}},"5":{"start":{"line":12,"column":15},"end":{"line":20,"column":null}},"6":{"start":{"line":24,"column":2},"end":{"line":30,"column":4}},"7":{"start":{"line":33,"column":0},"end":{"line":33,"column":19}}},"fnMap":{"0":{"name":"App","decl":{"start":{"line":23,"column":9},"end":{"line":23,"column":12}},"loc":{"start":{"line":23,"column":12},"end":{"line":31,"column":1}}}},"branchMap":{},"s":{"0":0,"1":0,"2":0,"3":0,"4":0,"5":0,"6":0,"7":0},"f":{"0":0},"b":{}}
,"D:\\ARTEM\\JS\\rs-school\\react\\module1\\src\\main.tsx": {"path":"D:\\ARTEM\\JS\\rs-school\\react\\module1\\src\\main.tsx","statementMap":{"0":{"start":{"line":1,"column":0},"end":{"line":1,"column":26}},"1":{"start":{"line":2,"column":0},"end":{"line":2,"column":40}},"2":{"start":{"line":3,"column":0},"end":{"line":3,"column":24}},"3":{"start":{"line":4,"column":0},"end":{"line":4,"column":21}},"4":{"start":{"line":5,"column":0},"end":{"line":5,"column":58}},"5":{"start":{"line":7,"column":0},"end":{"line":13,"column":2}}},"fnMap":{},"branchMap":{},"s":{"0":0,"1":0,"2":0,"3":0,"4":0,"5":0},"f":{},"b":{}}
,"D:\\ARTEM\\JS\\rs-school\\react\\module1\\src\\vite-env.d.ts": {"path":"D:\\ARTEM\\JS\\rs-school\\react\\module1\\src\\vite-env.d.ts","statementMap":{},"fnMap":{},"branchMap":{},"s":{},"f":{},"b":{}}
,"D:\\ARTEM\\JS\\rs-school\\react\\module1\\src\\api\\FetchData.ts": {"path":"D:\\ARTEM\\JS\\rs-school\\react\\module1\\src\\api\\FetchData.ts","statementMap":{"0":{"start":{"line":1,"column":0},"end":{"line":1,"column":26}},"1":{"start":{"line":2,"column":0},"end":{"line":2,"column":28}},"2":{"start":{"line":4,"column":12},"end":{"line":4,"column":47}},"3":{"start":{"line":8,"column":4},"end":{"line":10,"column":7}},"4":{"start":{"line":13,"column":4},"end":{"line":13,"column":35}},"5":{"start":{"line":6,"column":0},"end":{"line":6,"column":13}}},"fnMap":{"0":{"name":"(anonymous_1)","decl":{"start":{"line":7,"column":2},"end":{"line":7,"column":8}},"loc":{"start":{"line":7,"column":47},"end":{"line":11,"column":3}}},"1":{"name":"(anonymous_2)","decl":{"start":{"line":12,"column":2},"end":{"line":12,"column":8}},"loc":{"start":{"line":12,"column":30},"end":{"line":14,"column":3}}}},"branchMap":{"0":{"loc":{"start":{"line":7,"column":25},"end":{"line":7,"column":36}},"type":"default-arg","locations":[{"start":{"line":7,"column":34},"end":{"line":7,"column":36}}]},"1":{"loc":{"start":{"line":7,"column":38},"end":{"line":7,"column":47}},"type":"default-arg","locations":[{"start":{"line":7,"column":45},"end":{"line":7,"column":47}}]},"2":{"loc":{"start":{"line":12,"column":23},"end":{"line":12,"column":30}},"type":"default-arg","locations":[{"start":{"line":12,"column":28},"end":{"line":12,"column":30}}]}},"s":{"0":2,"1":2,"2":2,"3":0,"4":0,"5":2},"f":{"0":0,"1":0},"b":{"0":[0],"1":[0],"2":[0]}}
,"D:\\ARTEM\\JS\\rs-school\\react\\module1\\src\\api\\url.ts": {"path":"D:\\ARTEM\\JS\\rs-school\\react\\module1\\src\\api\\url.ts","statementMap":{"0":{"start":{"line":1,"column":13},"end":{"line":4,"column":2}}},"fnMap":{},"branchMap":{},"s":{"0":5},"f":{},"b":{}}
,"D:\\ARTEM\\JS\\rs-school\\react\\module1\\src\\components\\Card\\index.tsx": {"path":"D:\\ARTEM\\JS\\rs-school\\react\\module1\\src\\components\\Card\\index.tsx","statementMap":{"0":{"start":{"line":3,"column":0},"end":{"line":3,"column":56}},"1":{"start":{"line":4,"column":0},"end":{"line":4,"column":36}},"2":{"start":{"line":5,"column":0},"end":{"line":5,"column":40}},"3":{"start":{"line":11,"column":41},"end":{"line":29,"column":1}},"4":{"start":{"line":12,"column":38},"end":{"line":12,"column":44}},"5":{"start":{"line":13,"column":13},"end":{"line":13,"column":29}},"6":{"start":{"line":15,"column":2},"end":{"line":28,"column":4}},"7":{"start":{"line":11,"column":13},"end":{"line":11,"column":41}}},"fnMap":{"0":{"name":"(anonymous_1)","decl":{"start":{"line":11,"column":41},"end":{"line":11,"column":42}},"loc":{"start":{"line":11,"column":56},"end":{"line":29,"column":1}}}},"branchMap":{},"s":{"0":3,"1":3,"2":3,"3":3,"4":43,"5":43,"6":43,"7":3},"f":{"0":43},"b":{}}
,"D:\\ARTEM\\JS\\rs-school\\react\\module1\\src\\components\\Content\\index.tsx": {"path":"D:\\ARTEM\\JS\\rs-school\\react\\module1\\src\\components\\Content\\index.tsx","statementMap":{"0":{"start":{"line":1,"column":0},"end":{"line":1,"column":63}},"1":{"start":{"line":2,"column":0},"end":{"line":2,"column":31}},"2":{"start":{"line":3,"column":0},"end":{"line":3,"column":40}},"3":{"start":{"line":4,"column":0},"end":{"line":4,"column":43}},"4":{"start":{"line":5,"column":0},"end":{"line":5,"column":74}},"5":{"start":{"line":7,"column":0},"end":{"line":7,"column":43}},"6":{"start":{"line":8,"column":0},"end":{"line":8,"column":66}},"7":{"start":{"line":9,"column":0},"end":{"line":9,"column":60}},"8":{"start":{"line":10,"column":0},"end":{"line":10,"column":56}},"9":{"start":{"line":12,"column":33},"end":{"line":47,"column":1}},"10":{"start":{"line":13,"column":42},"end":{"line":13,"column":67}},"11":{"start":{"line":14,"column":28},"end":{"line":14,"column":39}},"12":{"start":{"line":15,"column":19},"end":{"line":15,"column":30}},"13":{"start":{"line":16,"column":19},"end":{"line":16,"column":32}},"14":{"start":{"line":17,"column":23},"end":{"line":17,"column":48}},"15":{"start":{"line":18,"column":2},"end":{"line":22,"column":13}},"16":{"start":{"line":19,"column":4},"end":{"line":21,"column":null}},"17":{"start":{"line":20,"column":6},"end":{"line":20,"column":39}},"18":{"start":{"line":24,"column":2},"end":{"line":46,"column":4}},"19":{"start":{"line":31,"column":12},"end":{"line":35,"column":null}},"20":{"start":{"line":12,"column":13},"end":{"line":12,"column":33}}},"fnMap":{"0":{"name":"(anonymous_1)","decl":{"start":{"line":12,"column":33},"end":{"line":12,"column":36}},"loc":{"start":{"line":12,"column":38},"end":{"line":47,"column":1}}},"1":{"name":"(anonymous_2)","decl":{"start":{"line":18,"column":12},"end":{"line":18,"column":15}},"loc":{"start":{"line":18,"column":17},"end":{"line":22,"column":3}}},"2":{"name":"(anonymous_3)","decl":{"start":{"line":30,"column":27},"end":{"line":30,"column":28}},"loc":{"start":{"line":31,"column":12},"end":{"line":35,"column":null}}}},"branchMap":{"0":{"loc":{"start":{"line":19,"column":4},"end":{"line":21,"column":null}},"type":"if","locations":[{"start":{"line":19,"column":4},"end":{"line":21,"column":null}}]},"1":{"loc":{"start":{"line":27,"column":9},"end":{"line":41,"column":null}},"type":"cond-expr","locations":[{"start":{"line":28,"column":10},"end":{"line":28,"column":28}},{"start":{"line":29,"column":12},"end":{"line":41,"column":null}}]},"2":{"loc":{"start":{"line":29,"column":12},"end":{"line":41,"column":null}},"type":"cond-expr","locations":[{"start":{"line":30,"column":10},"end":{"line":39,"column":12}},{"start":{"line":41,"column":10},"end":{"line":41,"column":60}}]},"3":{"loc":{"start":{"line":32,"column":29},"end":{"line":32,"column":61}},"type":"binary-expr","locations":[{"start":{"line":32,"column":29},"end":{"line":32,"column":39}},{"start":{"line":32,"column":43},"end":{"line":32,"column":61}}]},"4":{"loc":{"start":{"line":33,"column":16},"end":{"line":33,"column":null}},"type":"cond-expr","locations":[{"start":{"line":33,"column":23},"end":{"line":33,"column":37}},{"start":{"line":33,"column":40},"end":{"line":33,"column":null}}]},"5":{"loc":{"start":{"line":41,"column":13},"end":{"line":41,"column":56}},"type":"binary-expr","locations":[{"start":{"line":41,"column":13},"end":{"line":41,"column":25}},{"start":{"line":41,"column":29},"end":{"line":41,"column":56}}]},"6":{"loc":{"start":{"line":44,"column":7},"end":{"line":44,"column":49}},"type":"binary-expr","locations":[{"start":{"line":44,"column":7},"end":{"line":44,"column":16}},{"start":{"line":44,"column":20},"end":{"line":44,"column":49}}]}},"s":{"0":1,"1":1,"2":1,"3":1,"4":1,"5":1,"6":1,"7":1,"8":1,"9":1,"10":6,"11":6,"12":6,"13":6,"14":6,"15":6,"16":3,"17":3,"18":6,"19":40,"20":1},"f":{"0":6,"1":3,"2":40},"b":{"0":[3],"1":[0,6],"2":[6,0],"3":[40,40],"4":[0,40],"5":[0,0],"6":[6,0]}}
,"D:\\ARTEM\\JS\\rs-school\\react\\module1\\src\\components\\DetailsCard\\index.tsx": {"path":"D:\\ARTEM\\JS\\rs-school\\react\\module1\\src\\components\\DetailsCard\\index.tsx","statementMap":{"0":{"start":{"line":1,"column":0},"end":{"line":1,"column":51}},"1":{"start":{"line":3,"column":0},"end":{"line":3,"column":31}},"2":{"start":{"line":5,"column":0},"end":{"line":5,"column":43}},"3":{"start":{"line":6,"column":0},"end":{"line":6,"column":46}},"4":{"start":{"line":7,"column":0},"end":{"line":7,"column":60}},"5":{"start":{"line":8,"column":0},"end":{"line":8,"column":48}},"6":{"start":{"line":10,"column":27},"end":{"line":46,"column":1}},"7":{"start":{"line":11,"column":31},"end":{"line":11,"column":42}},"8":{"start":{"line":13,"column":4},"end":{"line":13,"column":29}},"9":{"start":{"line":15,"column":2},"end":{"line":21,"column":46}},"10":{"start":{"line":16,"column":4},"end":{"line":16,"column":30}},"11":{"start":{"line":17,"column":4},"end":{"line":20,"column":7}},"12":{"start":{"line":18,"column":6},"end":{"line":18,"column":25}},"13":{"start":{"line":19,"column":6},"end":{"line":19,"column":33}},"14":{"start":{"line":23,"column":2},"end":{"line":45,"column":4}},"15":{"start":{"line":10,"column":13},"end":{"line":10,"column":27}}},"fnMap":{"0":{"name":"(anonymous_1)","decl":{"start":{"line":10,"column":27},"end":{"line":10,"column":30}},"loc":{"start":{"line":10,"column":32},"end":{"line":46,"column":1}}},"1":{"name":"(anonymous_2)","decl":{"start":{"line":15,"column":12},"end":{"line":15,"column":15}},"loc":{"start":{"line":15,"column":17},"end":{"line":21,"column":3}}},"2":{"name":"(anonymous_3)","decl":{"start":{"line":17,"column":31},"end":{"line":17,"column":32}},"loc":{"start":{"line":17,"column":44},"end":{"line":20,"column":5}}}},"branchMap":{"0":{"loc":{"start":{"line":25,"column":7},"end":{"line":42,"column":null}},"type":"cond-expr","locations":[{"start":{"line":26,"column":8},"end":{"line":26,"column":58}},{"start":{"line":28,"column":8},"end":{"line":41,"column":null}}]},"1":{"loc":{"start":{"line":28,"column":8},"end":{"line":41,"column":null}},"type":"binary-expr","locations":[{"start":{"line":28,"column":8},"end":{"line":28,"column":14}},{"start":{"line":29,"column":10},"end":{"line":40,"column":null}}]},"2":{"loc":{"start":{"line":36,"column":44},"end":{"line":36,"column":54}},"type":"binary-expr","locations":[{"start":{"line":36,"column":44},"end":{"line":36,"column":48}},{"start":{"line":36,"column":52},"end":{"line":36,"column":54}}]}},"s":{"0":2,"1":2,"2":2,"3":2,"4":2,"5":2,"6":2,"7":4,"8":4,"9":4,"10":4,"11":4,"12":4,"13":4,"14":4,"15":2},"f":{"0":4,"1":4,"2":4},"b":{"0":[1,3],"1":[3,2],"2":[2,2]}}
,"D:\\ARTEM\\JS\\rs-school\\react\\module1\\src\\components\\ErrorBoudary\\index.tsx": {"path":"D:\\ARTEM\\JS\\rs-school\\react\\module1\\src\\components\\ErrorBoudary\\index.tsx","statementMap":{"0":{"start":{"line":1,"column":0},"end":{"line":1,"column":26}},"1":{"start":{"line":17,"column":4},"end":{"line":17,"column":17}},"2":{"start":{"line":18,"column":4},"end":{"line":18,"column":37}},"3":{"start":{"line":22,"column":4},"end":{"line":22,"column":23}},"4":{"start":{"line":23,"column":4},"end":{"line":23,"column":30}},"5":{"start":{"line":27,"column":4},"end":{"line":27,"column":52}},"6":{"start":{"line":31,"column":4},"end":{"line":33,"column":null}},"7":{"start":{"line":32,"column":6},"end":{"line":32,"column":30}},"8":{"start":{"line":34,"column":4},"end":{"line":34,"column":31}},"9":{"start":{"line":12,"column":0},"end":{"line":12,"column":13}},"10":{"start":{"line":41,"column":2},"end":{"line":41,"column":37}}},"fnMap":{"0":{"name":"(anonymous_1)","decl":{"start":{"line":16,"column":2},"end":{"line":16,"column":14}},"loc":{"start":{"line":16,"column":39},"end":{"line":19,"column":3}}},"1":{"name":"(anonymous_2)","decl":{"start":{"line":21,"column":2},"end":{"line":21,"column":8}},"loc":{"start":{"line":21,"column":46},"end":{"line":24,"column":3}}},"2":{"name":"(anonymous_3)","decl":{"start":{"line":26,"column":2},"end":{"line":26,"column":19}},"loc":{"start":{"line":26,"column":55},"end":{"line":28,"column":3}}},"3":{"name":"(anonymous_4)","decl":{"start":{"line":30,"column":2},"end":{"line":30,"column":8}},"loc":{"start":{"line":30,"column":8},"end":{"line":35,"column":3}}},"4":{"name":"logErrorToMyService","decl":{"start":{"line":37,"column":9},"end":{"line":37,"column":28}},"loc":{"start":{"line":39,"column":43},"end":{"line":42,"column":1}}}},"branchMap":{"0":{"loc":{"start":{"line":31,"column":4},"end":{"line":33,"column":null}},"type":"if","locations":[{"start":{"line":31,"column":4},"end":{"line":33,"column":null}}]}},"s":{"0":0,"1":0,"2":0,"3":0,"4":0,"5":0,"6":0,"7":0,"8":0,"9":0,"10":0},"f":{"0":0,"1":0,"2":0,"3":0,"4":0},"b":{"0":[0]}}
,"D:\\ARTEM\\JS\\rs-school\\react\\module1\\src\\components\\ErrorBtn\\index.tsx": {"path":"D:\\ARTEM\\JS\\rs-school\\react\\module1\\src\\components\\ErrorBtn\\index.tsx","statementMap":{"0":{"start":{"line":1,"column":0},"end":{"line":1,"column":33}},"1":{"start":{"line":2,"column":0},"end":{"line":2,"column":38}},"2":{"start":{"line":4,"column":24},"end":{"line":19,"column":1}},"3":{"start":{"line":5,"column":38},"end":{"line":5,"column":53}},"4":{"start":{"line":7,"column":22},"end":{"line":9,"column":3}},"5":{"start":{"line":8,"column":4},"end":{"line":8,"column":24}},"6":{"start":{"line":11,"column":2},"end":{"line":13,"column":null}},"7":{"start":{"line":12,"column":4},"end":{"line":12,"column":49}},"8":{"start":{"line":14,"column":2},"end":{"line":18,"column":4}},"9":{"start":{"line":4,"column":13},"end":{"line":4,"column":24}}},"fnMap":{"0":{"name":"(anonymous_0)","decl":{"start":{"line":4,"column":24},"end":{"line":4,"column":27}},"loc":{"start":{"line":4,"column":29},"end":{"line":19,"column":1}}},"1":{"name":"(anonymous_1)","decl":{"start":{"line":7,"column":22},"end":{"line":7,"column":25}},"loc":{"start":{"line":7,"column":27},"end":{"line":9,"column":3}}}},"branchMap":{"0":{"loc":{"start":{"line":11,"column":2},"end":{"line":13,"column":null}},"type":"if","locations":[{"start":{"line":11,"column":2},"end":{"line":13,"column":null}}]}},"s":{"0":0,"1":0,"2":0,"3":0,"4":0,"5":0,"6":0,"7":0,"8":0,"9":0},"f":{"0":0,"1":0},"b":{"0":[0]}}
,"D:\\ARTEM\\JS\\rs-school\\react\\module1\\src\\components\\Header\\index.tsx": {"path":"D:\\ARTEM\\JS\\rs-school\\react\\module1\\src\\components\\Header\\index.tsx","statementMap":{"0":{"start":{"line":2,"column":0},"end":{"line":2,"column":35}},"1":{"start":{"line":3,"column":0},"end":{"line":3,"column":42}},"2":{"start":{"line":4,"column":0},"end":{"line":4,"column":40}},"3":{"start":{"line":5,"column":0},"end":{"line":5,"column":39}},"4":{"start":{"line":7,"column":32},"end":{"line":19,"column":1}},"5":{"start":{"line":8,"column":2},"end":{"line":18,"column":4}},"6":{"start":{"line":7,"column":13},"end":{"line":7,"column":32}}},"fnMap":{"0":{"name":"(anonymous_1)","decl":{"start":{"line":7,"column":32},"end":{"line":7,"column":35}},"loc":{"start":{"line":7,"column":37},"end":{"line":19,"column":1}}}},"branchMap":{},"s":{"0":0,"1":0,"2":0,"3":0,"4":0,"5":0,"6":0},"f":{"0":0},"b":{}}
,"D:\\ARTEM\\JS\\rs-school\\react\\module1\\src\\components\\Pagination\\index.tsx": {"path":"D:\\ARTEM\\JS\\rs-school\\react\\module1\\src\\components\\Pagination\\index.tsx","statementMap":{"0":{"start":{"line":1,"column":0},"end":{"line":1,"column":35}},"1":{"start":{"line":2,"column":0},"end":{"line":2,"column":43}},"2":{"start":{"line":3,"column":0},"end":{"line":3,"column":60}},"3":{"start":{"line":4,"column":0},"end":{"line":4,"column":46}},"4":{"start":{"line":9,"column":44},"end":{"line":27,"column":1}},"5":{"start":{"line":10,"column":25},"end":{"line":10,"column":50}},"6":{"start":{"line":11,"column":16},"end":{"line":11,"column":45}},"7":{"start":{"line":12,"column":2},"end":{"line":26,"column":4}},"8":{"start":{"line":15,"column":8},"end":{"line":19,"column":null}},"9":{"start":{"line":9,"column":13},"end":{"line":9,"column":44}}},"fnMap":{"0":{"name":"(anonymous_1)","decl":{"start":{"line":9,"column":44},"end":{"line":9,"column":45}},"loc":{"start":{"line":9,"column":63},"end":{"line":27,"column":1}}},"1":{"name":"(anonymous_2)","decl":{"start":{"line":14,"column":17},"end":{"line":14,"column":18}},"loc":{"start":{"line":15,"column":8},"end":{"line":19,"column":null}}}},"branchMap":{"0":{"loc":{"start":{"line":9,"column":47},"end":{"line":9,"column":57}},"type":"default-arg","locations":[{"start":{"line":9,"column":56},"end":{"line":9,"column":57}}]},"1":{"loc":{"start":{"line":16,"column":25},"end":{"line":16,"column":57}},"type":"binary-expr","locations":[{"start":{"line":16,"column":25},"end":{"line":16,"column":35}},{"start":{"line":16,"column":39},"end":{"line":16,"column":57}}]}},"s":{"0":2,"1":2,"2":2,"3":2,"4":2,"5":1,"6":1,"7":1,"8":3,"9":2},"f":{"0":1,"1":3},"b":{"0":[0],"1":[3,3]}}
,"D:\\ARTEM\\JS\\rs-school\\react\\module1\\src\\components\\Search\\index.tsx": {"path":"D:\\ARTEM\\JS\\rs-school\\react\\module1\\src\\components\\Search\\index.tsx","statementMap":{"0":{"start":{"line":1,"column":0},"end":{"line":1,"column":61}},"1":{"start":{"line":2,"column":0},"end":{"line":2,"column":53}},"2":{"start":{"line":3,"column":0},"end":{"line":3,"column":43}},"3":{"start":{"line":4,"column":0},"end":{"line":4,"column":72}},"4":{"start":{"line":5,"column":0},"end":{"line":5,"column":60}},"5":{"start":{"line":6,"column":0},"end":{"line":6,"column":42}},"6":{"start":{"line":8,"column":32},"end":{"line":40,"column":1}},"7":{"start":{"line":9,"column":44},"end":{"line":9,"column":69}},"8":{"start":{"line":10,"column":31},"end":{"line":10,"column":56}},"9":{"start":{"line":11,"column":19},"end":{"line":11,"column":32}},"10":{"start":{"line":13,"column":22},"end":{"line":15,"column":3}},"11":{"start":{"line":14,"column":4},"end":{"line":14,"column":50}},"12":{"start":{"line":17,"column":2},"end":{"line":25,"column":17}},"13":{"start":{"line":18,"column":18},"end":{"line":18,"column":51}},"14":{"start":{"line":19,"column":4},"end":{"line":24,"column":null}},"15":{"start":{"line":20,"column":6},"end":{"line":22,"column":48}},"16":{"start":{"line":23,"column":6},"end":{"line":23,"column":39}},"17":{"start":{"line":27,"column":2},"end":{"line":39,"column":4}},"18":{"start":{"line":8,"column":13},"end":{"line":8,"column":32}}},"fnMap":{"0":{"name":"(anonymous_1)","decl":{"start":{"line":8,"column":32},"end":{"line":8,"column":35}},"loc":{"start":{"line":8,"column":37},"end":{"line":40,"column":1}}},"1":{"name":"(anonymous_2)","decl":{"start":{"line":13,"column":22},"end":{"line":13,"column":27}},"loc":{"start":{"line":13,"column":33},"end":{"line":15,"column":3}}},"2":{"name":"(anonymous_3)","decl":{"start":{"line":17,"column":12},"end":{"line":17,"column":15}},"loc":{"start":{"line":17,"column":17},"end":{"line":25,"column":3}}}},"branchMap":{"0":{"loc":{"start":{"line":19,"column":4},"end":{"line":24,"column":null}},"type":"if","locations":[{"start":{"line":19,"column":4},"end":{"line":24,"column":null}}]},"1":{"loc":{"start":{"line":31,"column":22},"end":{"line":31,"column":54}},"type":"binary-expr","locations":[{"start":{"line":31,"column":22},"end":{"line":31,"column":32}},{"start":{"line":31,"column":36},"end":{"line":31,"column":54}}]}},"s":{"0":1,"1":1,"2":1,"3":1,"4":1,"5":1,"6":1,"7":2,"8":2,"9":2,"10":2,"11":1,"12":2,"13":2,"14":2,"15":0,"16":0,"17":2,"18":1},"f":{"0":2,"1":1,"2":2},"b":{"0":[0],"1":[2,2]}}
,"D:\\ARTEM\\JS\\rs-school\\react\\module1\\src\\components\\UI\\Button\\index.tsx": {"path":"D:\\ARTEM\\JS\\rs-school\\react\\module1\\src\\components\\UI\\Button\\index.tsx","statementMap":{"0":{"start":{"line":8,"column":45},"end":{"line":10,"column":1}},"1":{"start":{"line":9,"column":2},"end":{"line":9,"column":51}},"2":{"start":{"line":8,"column":13},"end":{"line":8,"column":45}}},"fnMap":{"0":{"name":"(anonymous_0)","decl":{"start":{"line":8,"column":45},"end":{"line":8,"column":46}},"loc":{"start":{"line":8,"column":67},"end":{"line":10,"column":1}}}},"branchMap":{},"s":{"0":0,"1":0,"2":0},"f":{"0":0},"b":{}}
,"D:\\ARTEM\\JS\\rs-school\\react\\module1\\src\\components\\UI\\Input\\indext.tsx": {"path":"D:\\ARTEM\\JS\\rs-school\\react\\module1\\src\\components\\UI\\Input\\indext.tsx","statementMap":{"0":{"start":{"line":8,"column":43},"end":{"line":10,"column":1}},"1":{"start":{"line":9,"column":2},"end":{"line":9,"column":73}},"2":{"start":{"line":8,"column":13},"end":{"line":8,"column":43}}},"fnMap":{"0":{"name":"(anonymous_0)","decl":{"start":{"line":8,"column":43},"end":{"line":8,"column":44}},"loc":{"start":{"line":8,"column":67},"end":{"line":10,"column":1}}}},"branchMap":{},"s":{"0":1,"1":2,"2":1},"f":{"0":2},"b":{}}
,"D:\\ARTEM\\JS\\rs-school\\react\\module1\\src\\components\\UI\\Wrapper\\index.tsx": {"path":"D:\\ARTEM\\JS\\rs-school\\react\\module1\\src\\components\\UI\\Wrapper\\index.tsx","statementMap":{"0":{"start":{"line":2,"column":0},"end":{"line":2,"column":43}},"1":{"start":{"line":8,"column":47},"end":{"line":10,"column":1}},"2":{"start":{"line":9,"column":2},"end":{"line":9,"column":58}},"3":{"start":{"line":8,"column":13},"end":{"line":8,"column":47}}},"fnMap":{"0":{"name":"(anonymous_1)","decl":{"start":{"line":8,"column":47},"end":{"line":8,"column":48}},"loc":{"start":{"line":8,"column":64},"end":{"line":10,"column":1}}}},"branchMap":{},"s":{"0":1,"1":1,"2":6,"3":1},"f":{"0":6},"b":{}}
,"D:\\ARTEM\\JS\\rs-school\\react\\module1\\src\\helpers\\LocalStorageManager.ts": {"path":"D:\\ARTEM\\JS\\rs-school\\react\\module1\\src\\helpers\\LocalStorageManager.ts","statementMap":{"0":{"start":{"line":3,"column":4},"end":{"line":9,"column":null}},"1":{"start":{"line":4,"column":30},"end":{"line":4,"column":55}},"2":{"start":{"line":5,"column":6},"end":{"line":5,"column":66}},"3":{"start":{"line":7,"column":6},"end":{"line":7,"column":71}},"4":{"start":{"line":8,"column":6},"end":{"line":8,"column":18}},"5":{"start":{"line":13,"column":4},"end":{"line":18,"column":null}},"6":{"start":{"line":14,"column":30},"end":{"line":14,"column":51}},"7":{"start":{"line":15,"column":6},"end":{"line":15,"column":49}},"8":{"start":{"line":17,"column":6},"end":{"line":17,"column":65}},"9":{"start":{"line":1,"column":0},"end":{"line":1,"column":13}}},"fnMap":{"0":{"name":"(anonymous_0)","decl":{"start":{"line":2,"column":2},"end":{"line":2,"column":8}},"loc":{"start":{"line":2,"column":24},"end":{"line":10,"column":3}}},"1":{"name":"(anonymous_1)","decl":{"start":{"line":12,"column":2},"end":{"line":12,"column":8}},"loc":{"start":{"line":12,"column":39},"end":{"line":19,"column":3}}}},"branchMap":{"0":{"loc":{"start":{"line":5,"column":13},"end":{"line":5,"column":65}},"type":"cond-expr","locations":[{"start":{"line":5,"column":31},"end":{"line":5,"column":58}},{"start":{"line":5,"column":61},"end":{"line":5,"column":65}}]}},"s":{"0":2,"1":2,"2":2,"3":0,"4":0,"5":1,"6":1,"7":1,"8":0,"9":1},"f":{"0":2,"1":1},"b":{"0":[1,1]}}
,"D:\\ARTEM\\JS\\rs-school\\react\\module1\\src\\helpers\\getNumberOfPages.ts": {"path":"D:\\ARTEM\\JS\\rs-school\\react\\module1\\src\\helpers\\getNumberOfPages.ts","statementMap":{"0":{"start":{"line":3,"column":32},"end":{"line":5,"column":1}},"1":{"start":{"line":4,"column":2},"end":{"line":4,"column":36}},"2":{"start":{"line":3,"column":13},"end":{"line":3,"column":32}}},"fnMap":{"0":{"name":"(anonymous_0)","decl":{"start":{"line":3,"column":32},"end":{"line":3,"column":33}},"loc":{"start":{"line":3,"column":52},"end":{"line":5,"column":1}}}},"branchMap":{},"s":{"0":1,"1":3,"2":1},"f":{"0":3},"b":{}}
,"D:\\ARTEM\\JS\\rs-school\\react\\module1\\src\\helpers\\getPersonId.ts": {"path":"D:\\ARTEM\\JS\\rs-school\\react\\module1\\src\\helpers\\getPersonId.ts","statementMap":{"0":{"start":{"line":1,"column":27},"end":{"line":4,"column":1}},"1":{"start":{"line":2,"column":21},"end":{"line":2,"column":35}},"2":{"start":{"line":3,"column":2},"end":{"line":3,"column":43}},"3":{"start":{"line":1,"column":13},"end":{"line":1,"column":27}}},"fnMap":{"0":{"name":"(anonymous_0)","decl":{"start":{"line":1,"column":27},"end":{"line":1,"column":28}},"loc":{"start":{"line":1,"column":43},"end":{"line":4,"column":1}}}},"branchMap":{},"s":{"0":3,"1":83,"2":83,"3":3},"f":{"0":83},"b":{}}
,"D:\\ARTEM\\JS\\rs-school\\react\\module1\\src\\layouts\\MainLayout.tsx": {"path":"D:\\ARTEM\\JS\\rs-school\\react\\module1\\src\\layouts\\MainLayout.tsx","statementMap":{"0":{"start":{"line":1,"column":0},"end":{"line":1,"column":53}},"1":{"start":{"line":2,"column":0},"end":{"line":2,"column":46}},"2":{"start":{"line":3,"column":0},"end":{"line":3,"column":46}},"3":{"start":{"line":4,"column":0},"end":{"line":4,"column":57}},"4":{"start":{"line":5,"column":0},"end":{"line":5,"column":45}},"5":{"start":{"line":7,"column":26},"end":{"line":31,"column":1}},"6":{"start":{"line":8,"column":40},"end":{"line":8,"column":65}},"7":{"start":{"line":9,"column":27},"end":{"line":9,"column":38}},"8":{"start":{"line":11,"column":2},"end":{"line":23,"column":48}},"9":{"start":{"line":12,"column":24},"end":{"line":12,"column":67}},"10":{"start":{"line":13,"column":4},"end":{"line":13,"column":24}},"11":{"start":{"line":14,"column":22},"end":{"line":17,"column":5}},"12":{"start":{"line":15,"column":23},"end":{"line":15,"column":79}},"13":{"start":{"line":16,"column":6},"end":{"line":16,"column":18}},"14":{"start":{"line":18,"column":4},"end":{"line":22,"column":40}},"15":{"start":{"line":20,"column":8},"end":{"line":20,"column":25}},"16":{"start":{"line":22,"column":18},"end":{"line":22,"column":38}},"17":{"start":{"line":25,"column":2},"end":{"line":30,"column":4}},"18":{"start":{"line":7,"column":13},"end":{"line":7,"column":26}}},"fnMap":{"0":{"name":"(anonymous_1)","decl":{"start":{"line":7,"column":26},"end":{"line":7,"column":29}},"loc":{"start":{"line":7,"column":31},"end":{"line":31,"column":1}}},"1":{"name":"(anonymous_2)","decl":{"start":{"line":11,"column":12},"end":{"line":11,"column":15}},"loc":{"start":{"line":11,"column":17},"end":{"line":23,"column":3}}},"2":{"name":"(anonymous_3)","decl":{"start":{"line":14,"column":22},"end":{"line":14,"column":27}},"loc":{"start":{"line":14,"column":33},"end":{"line":17,"column":5}}},"3":{"name":"(anonymous_4)","decl":{"start":{"line":19,"column":12},"end":{"line":19,"column":13}},"loc":{"start":{"line":19,"column":21},"end":{"line":21,"column":7}}},"4":{"name":"(anonymous_5)","decl":{"start":{"line":22,"column":12},"end":{"line":22,"column":15}},"loc":{"start":{"line":22,"column":18},"end":{"line":22,"column":38}}}},"branchMap":{"0":{"loc":{"start":{"line":12,"column":24},"end":{"line":12,"column":67}},"type":"cond-expr","locations":[{"start":{"line":12,"column":56},"end":{"line":12,"column":58}},{"start":{"line":12,"column":61},"end":{"line":12,"column":67}}]},"1":{"loc":{"start":{"line":15,"column":49},"end":{"line":15,"column":66}},"type":"binary-expr","locations":[{"start":{"line":15,"column":49},"end":{"line":15,"column":60}},{"start":{"line":15,"column":64},"end":{"line":15,"column":66}}]},"2":{"loc":{"start":{"line":15,"column":68},"end":{"line":15,"column":78}},"type":"binary-expr","locations":[{"start":{"line":15,"column":68},"end":{"line":15,"column":72}},{"start":{"line":15,"column":76},"end":{"line":15,"column":78}}]}},"s":{"0":0,"1":0,"2":0,"3":0,"4":0,"5":0,"6":0,"7":0,"8":0,"9":0,"10":0,"11":0,"12":0,"13":0,"14":0,"15":0,"16":0,"17":0,"18":0},"f":{"0":0,"1":0,"2":0,"3":0,"4":0},"b":{"0":[0,0],"1":[0,0],"2":[0,0]}}
,"D:\\ARTEM\\JS\\rs-school\\react\\module1\\src\\layouts\\ContentLayout\\index.tsx": {"path":"D:\\ARTEM\\JS\\rs-school\\react\\module1\\src\\layouts\\ContentLayout\\index.tsx","statementMap":{"0":{"start":{"line":1,"column":0},"end":{"line":1,"column":42}},"1":{"start":{"line":2,"column":0},"end":{"line":2,"column":51}},"2":{"start":{"line":3,"column":0},"end":{"line":3,"column":49}},"3":{"start":{"line":5,"column":29},"end":{"line":12,"column":1}},"4":{"start":{"line":6,"column":2},"end":{"line":11,"column":4}},"5":{"start":{"line":5,"column":13},"end":{"line":5,"column":29}}},"fnMap":{"0":{"name":"(anonymous_1)","decl":{"start":{"line":5,"column":29},"end":{"line":5,"column":32}},"loc":{"start":{"line":5,"column":34},"end":{"line":12,"column":1}}}},"branchMap":{},"s":{"0":0,"1":0,"2":0,"3":0,"4":0,"5":0},"f":{"0":0},"b":{}}
,"D:\\ARTEM\\JS\\rs-school\\react\\module1\\src\\providers\\SearchProviders.tsx": {"path":"D:\\ARTEM\\JS\\rs-school\\react\\module1\\src\\providers\\SearchProviders.tsx","statementMap":{"0":{"start":{"line":1,"column":0},"end":{"line":1,"column":null}},"1":{"start":{"line":23,"column":40},"end":{"line":34,"column":2}},"2":{"start":{"line":36,"column":13},"end":{"line":36,"column":76}},"3":{"start":{"line":42,"column":61},"end":{"line":84,"column":1}},"4":{"start":{"line":43,"column":38},"end":{"line":43,"column":58}},"5":{"start":{"line":44,"column":36},"end":{"line":44,"column":60}},"6":{"start":{"line":45,"column":26},"end":{"line":45,"column":58}},"7":{"start":{"line":46,"column":30},"end":{"line":46,"column":58}},"8":{"start":{"line":47,"column":48},"end":{"line":47,"column":72}},"9":{"start":{"line":49,"column":28},"end":{"line":51,"column":3}},"10":{"start":{"line":50,"column":4},"end":{"line":50,"column":38}},"11":{"start":{"line":53,"column":21},"end":{"line":55,"column":8}},"12":{"start":{"line":54,"column":4},"end":{"line":54,"column":18}},"13":{"start":{"line":56,"column":24},"end":{"line":58,"column":8}},"14":{"start":{"line":57,"column":4},"end":{"line":57,"column":28}},"15":{"start":{"line":59,"column":30},"end":{"line":61,"column":8}},"16":{"start":{"line":60,"column":4},"end":{"line":60,"column":40}},"17":{"start":{"line":62,"column":23},"end":{"line":64,"column":8}},"18":{"start":{"line":63,"column":4},"end":{"line":63,"column":20}},"19":{"start":{"line":66,"column":42},"end":{"line":77,"column":4}},"20":{"start":{"line":79,"column":2},"end":{"line":83,"column":4}},"21":{"start":{"line":42,"column":13},"end":{"line":42,"column":61}},"22":{"start":{"line":86,"column":0},"end":{"line":86,"column":29}}},"fnMap":{"0":{"name":"(anonymous_0)","decl":{"start":{"line":25,"column":21},"end":{"line":25,"column":24}},"loc":{"start":{"line":25,"column":26},"end":{"line":25,"column":29}}},"1":{"name":"(anonymous_1)","decl":{"start":{"line":27,"column":14},"end":{"line":27,"column":17}},"loc":{"start":{"line":27,"column":19},"end":{"line":27,"column":22}}},"2":{"name":"(anonymous_2)","decl":{"start":{"line":29,"column":17},"end":{"line":29,"column":20}},"loc":{"start":{"line":29,"column":22},"end":{"line":29,"column":25}}},"3":{"name":"(anonymous_3)","decl":{"start":{"line":31,"column":23},"end":{"line":31,"column":26}},"loc":{"start":{"line":31,"column":28},"end":{"line":31,"column":31}}},"4":{"name":"(anonymous_4)","decl":{"start":{"line":33,"column":16},"end":{"line":33,"column":19}},"loc":{"start":{"line":33,"column":21},"end":{"line":33,"column":24}}},"5":{"name":"(anonymous_5)","decl":{"start":{"line":42,"column":61},"end":{"line":42,"column":62}},"loc":{"start":{"line":42,"column":78},"end":{"line":84,"column":1}}},"6":{"name":"(anonymous_6)","decl":{"start":{"line":49,"column":28},"end":{"line":49,"column":29}},"loc":{"start":{"line":49,"column":69},"end":{"line":51,"column":3}}},"7":{"name":"(anonymous_7)","decl":{"start":{"line":53,"column":33},"end":{"line":53,"column":34}},"loc":{"start":{"line":53,"column":53},"end":{"line":55,"column":3}}},"8":{"name":"(anonymous_8)","decl":{"start":{"line":56,"column":36},"end":{"line":56,"column":37}},"loc":{"start":{"line":56,"column":59},"end":{"line":58,"column":3}}},"9":{"name":"(anonymous_9)","decl":{"start":{"line":59,"column":42},"end":{"line":59,"column":43}},"loc":{"start":{"line":59,"column":71},"end":{"line":61,"column":3}}},"10":{"name":"(anonymous_10)","decl":{"start":{"line":62,"column":35},"end":{"line":62,"column":36}},"loc":{"start":{"line":62,"column":51},"end":{"line":64,"column":3}}}},"branchMap":{},"s":{"0":4,"1":4,"2":4,"3":4,"4":0,"5":0,"6":0,"7":0,"8":0,"9":0,"10":0,"11":0,"12":0,"13":0,"14":0,"15":0,"16":0,"17":0,"18":0,"19":0,"20":0,"21":4,"22":4},"f":{"0":0,"1":0,"2":0,"3":0,"4":0,"5":0,"6":0,"7":0,"8":0,"9":0,"10":0},"b":{}}
}
