{"D:\\ARTEM\\JS\\rs-school\\react\\module1\\src\\App.tsx": {"path":"D:\\ARTEM\\JS\\rs-school\\react\\module1\\src\\App.tsx","statementMap":{"0":{"start":{"line":1,"column":0},"end":{"line":1,"column":null}},"1":{"start":{"line":7,"column":0},"end":{"line":7,"column":50}},"2":{"start":{"line":8,"column":0},"end":{"line":8,"column":56}},"3":{"start":{"line":9,"column":0},"end":{"line":9,"column":55}},"4":{"start":{"line":11,"column":15},"end":{"line":19,"column":null}},"5":{"start":{"line":23,"column":2},"end":{"line":27,"column":4}},"6":{"start":{"line":30,"column":0},"end":{"line":30,"column":19}}},"fnMap":{"0":{"name":"App","decl":{"start":{"line":22,"column":9},"end":{"line":22,"column":12}},"loc":{"start":{"line":22,"column":12},"end":{"line":28,"column":1}}}},"branchMap":{},"s":{"0":0,"1":0,"2":0,"3":0,"4":0,"5":0,"6":0},"f":{"0":0},"b":{}}
,"D:\\ARTEM\\JS\\rs-school\\react\\module1\\src\\main.tsx": {"path":"D:\\ARTEM\\JS\\rs-school\\react\\module1\\src\\main.tsx","statementMap":{"0":{"start":{"line":1,"column":0},"end":{"line":1,"column":26}},"1":{"start":{"line":2,"column":0},"end":{"line":2,"column":40}},"2":{"start":{"line":3,"column":0},"end":{"line":3,"column":24}},"3":{"start":{"line":4,"column":0},"end":{"line":4,"column":21}},"4":{"start":{"line":5,"column":0},"end":{"line":5,"column":58}},"5":{"start":{"line":6,"column":0},"end":{"line":6,"column":39}},"6":{"start":{"line":7,"column":0},"end":{"line":7,"column":37}},"7":{"start":{"line":9,"column":14},"end":{"line":9,"column":26}},"8":{"start":{"line":11,"column":0},"end":{"line":19,"column":2}}},"fnMap":{},"branchMap":{},"s":{"0":0,"1":0,"2":0,"3":0,"4":0,"5":0,"6":0,"7":0,"8":0},"f":{},"b":{}}
,"D:\\ARTEM\\JS\\rs-school\\react\\module1\\src\\test-utils.tsx": {"path":"D:\\ARTEM\\JS\\rs-school\\react\\module1\\src\\test-utils.tsx","statementMap":{"0":{"start":{"line":2,"column":0},"end":{"line":2,"column":48}},"1":{"start":{"line":3,"column":0},"end":{"line":3,"column":39}},"2":{"start":{"line":5,"column":0},"end":{"line":5,"column":61}},"3":{"start":{"line":8,"column":0},"end":{"line":8,"column":37}},"4":{"start":{"line":23,"column":2},"end":{"line":23,"column":33}},"5":{"start":{"line":26,"column":4},"end":{"line":26,"column":57}},"6":{"start":{"line":29,"column":2},"end":{"line":29,"column":74}},"7":{"start":{"line":15,"column":0},"end":{"line":15,"column":16}}},"fnMap":{"0":{"name":"renderWithProviders","decl":{"start":{"line":15,"column":16},"end":{"line":15,"column":35}},"loc":{"start":{"line":21,"column":31},"end":{"line":30,"column":1}}},"1":{"name":"Wrapper","decl":{"start":{"line":25,"column":11},"end":{"line":25,"column":18}},"loc":{"start":{"line":25,"column":62},"end":{"line":27,"column":3}}}},"branchMap":{"0":{"loc":{"start":{"line":17,"column":2},"end":{"line":21,"column":31}},"type":"default-arg","locations":[{"start":{"line":21,"column":29},"end":{"line":21,"column":31}}]},"1":{"loc":{"start":{"line":18,"column":4},"end":{"line":18,"column":23}},"type":"default-arg","locations":[{"start":{"line":18,"column":21},"end":{"line":18,"column":23}}]},"2":{"loc":{"start":{"line":19,"column":4},"end":{"line":19,"column":38}},"type":"default-arg","locations":[{"start":{"line":19,"column":12},"end":{"line":19,"column":38}}]}},"s":{"0":5,"1":5,"2":5,"3":5,"4":8,"5":8,"6":8,"7":5},"f":{"0":8,"1":8},"b":{"0":[7],"1":[7],"2":[8]}}
,"D:\\ARTEM\\JS\\rs-school\\react\\module1\\src\\vite-env.d.ts": {"path":"D:\\ARTEM\\JS\\rs-school\\react\\module1\\src\\vite-env.d.ts","statementMap":{},"fnMap":{},"branchMap":{},"s":{},"f":{},"b":{}}
,"D:\\ARTEM\\JS\\rs-school\\react\\module1\\src\\api\\url.ts": {"path":"D:\\ARTEM\\JS\\rs-school\\react\\module1\\src\\api\\url.ts","statementMap":{"0":{"start":{"line":1,"column":13},"end":{"line":4,"column":2}}},"fnMap":{},"branchMap":{},"s":{"0":7},"f":{},"b":{}}
,"D:\\ARTEM\\JS\\rs-school\\react\\module1\\src\\components\\Card\\index.tsx": {"path":"D:\\ARTEM\\JS\\rs-school\\react\\module1\\src\\components\\Card\\index.tsx","statementMap":{"0":{"start":{"line":3,"column":0},"end":{"line":3,"column":56}},"1":{"start":{"line":4,"column":0},"end":{"line":4,"column":36}},"2":{"start":{"line":5,"column":0},"end":{"line":5,"column":40}},"3":{"start":{"line":11,"column":41},"end":{"line":29,"column":1}},"4":{"start":{"line":12,"column":38},"end":{"line":12,"column":44}},"5":{"start":{"line":13,"column":13},"end":{"line":13,"column":29}},"6":{"start":{"line":15,"column":2},"end":{"line":28,"column":4}},"7":{"start":{"line":11,"column":13},"end":{"line":11,"column":41}}},"fnMap":{"0":{"name":"(anonymous_1)","decl":{"start":{"line":11,"column":41},"end":{"line":11,"column":42}},"loc":{"start":{"line":11,"column":56},"end":{"line":29,"column":1}}}},"branchMap":{},"s":{"0":4,"1":4,"2":4,"3":4,"4":33,"5":33,"6":33,"7":4},"f":{"0":33},"b":{}}
,"D:\\ARTEM\\JS\\rs-school\\react\\module1\\src\\components\\Content\\index.tsx": {"path":"D:\\ARTEM\\JS\\rs-school\\react\\module1\\src\\components\\Content\\index.tsx","statementMap":{"0":{"start":{"line":1,"column":0},"end":{"line":1,"column":51}},"1":{"start":{"line":2,"column":0},"end":{"line":2,"column":31}},"2":{"start":{"line":3,"column":0},"end":{"line":3,"column":40}},"3":{"start":{"line":4,"column":0},"end":{"line":4,"column":43}},"4":{"start":{"line":5,"column":0},"end":{"line":5,"column":74}},"5":{"start":{"line":7,"column":0},"end":{"line":7,"column":43}},"6":{"start":{"line":8,"column":0},"end":{"line":8,"column":66}},"7":{"start":{"line":9,"column":0},"end":{"line":9,"column":56}},"8":{"start":{"line":10,"column":0},"end":{"line":10,"column":67}},"9":{"start":{"line":11,"column":0},"end":{"line":11,"column":67}},"10":{"start":{"line":12,"column":0},"end":{"line":12,"column":73}},"11":{"start":{"line":13,"column":0},"end":{"line":13,"column":79}},"12":{"start":{"line":15,"column":33},"end":{"line":67,"column":1}},"13":{"start":{"line":16,"column":32},"end":{"line":16,"column":71}},"14":{"start":{"line":16,"column":58},"end":{"line":16,"column":70}},"15":{"start":{"line":17,"column":31},"end":{"line":17,"column":71}},"16":{"start":{"line":17,"column":57},"end":{"line":17,"column":70}},"17":{"start":{"line":18,"column":19},"end":{"line":18,"column":35}},"18":{"start":{"line":19,"column":28},"end":{"line":19,"column":39}},"19":{"start":{"line":20,"column":27},"end":{"line":20,"column":38}},"20":{"start":{"line":21,"column":19},"end":{"line":21,"column":32}},"21":{"start":{"line":23,"column":4},"end":{"line":23,"column":76}},"22":{"start":{"line":25,"column":22},"end":{"line":25,"column":65}},"23":{"start":{"line":26,"column":31},"end":{"line":29,"column":4}},"24":{"start":{"line":30,"column":2},"end":{"line":42,"column":35}},"25":{"start":{"line":31,"column":4},"end":{"line":38,"column":null}},"26":{"start":{"line":32,"column":6},"end":{"line":32,"column":45}},"27":{"start":{"line":34,"column":6},"end":{"line":34,"column":46}},"28":{"start":{"line":35,"column":6},"end":{"line":37,"column":null}},"29":{"start":{"line":36,"column":8},"end":{"line":36,"column":56}},"30":{"start":{"line":39,"column":4},"end":{"line":41,"column":null}},"31":{"start":{"line":40,"column":6},"end":{"line":40,"column":39}},"32":{"start":{"line":44,"column":2},"end":{"line":66,"column":4}},"33":{"start":{"line":52,"column":12},"end":{"line":56,"column":null}},"34":{"start":{"line":15,"column":13},"end":{"line":15,"column":33}}},"fnMap":{"0":{"name":"(anonymous_1)","decl":{"start":{"line":15,"column":33},"end":{"line":15,"column":36}},"loc":{"start":{"line":15,"column":38},"end":{"line":67,"column":1}}},"1":{"name":"(anonymous_2)","decl":{"start":{"line":16,"column":47},"end":{"line":16,"column":48}},"loc":{"start":{"line":16,"column":58},"end":{"line":16,"column":70}}},"2":{"name":"(anonymous_3)","decl":{"start":{"line":17,"column":46},"end":{"line":17,"column":47}},"loc":{"start":{"line":17,"column":57},"end":{"line":17,"column":70}}},"3":{"name":"(anonymous_4)","decl":{"start":{"line":30,"column":12},"end":{"line":30,"column":15}},"loc":{"start":{"line":30,"column":17},"end":{"line":42,"column":3}}},"4":{"name":"(anonymous_5)","decl":{"start":{"line":51,"column":27},"end":{"line":51,"column":28}},"loc":{"start":{"line":52,"column":12},"end":{"line":56,"column":null}}}},"branchMap":{"0":{"loc":{"start":{"line":23,"column":4},"end":{"line":23,"column":76}},"type":"binary-expr","locations":[{"start":{"line":23,"column":4},"end":{"line":23,"column":29}},{"start":{"line":23,"column":33},"end":{"line":23,"column":76}}]},"1":{"loc":{"start":{"line":25,"column":22},"end":{"line":25,"column":65}},"type":"cond-expr","locations":[{"start":{"line":25,"column":54},"end":{"line":25,"column":56}},{"start":{"line":25,"column":59},"end":{"line":25,"column":65}}]},"2":{"loc":{"start":{"line":27,"column":12},"end":{"line":27,"column":29}},"type":"binary-expr","locations":[{"start":{"line":27,"column":12},"end":{"line":27,"column":23}},{"start":{"line":27,"column":27},"end":{"line":27,"column":29}}]},"3":{"loc":{"start":{"line":28,"column":10},"end":{"line":28,"column":21}},"type":"binary-expr","locations":[{"start":{"line":28,"column":10},"end":{"line":28,"column":14}},{"start":{"line":28,"column":18},"end":{"line":28,"column":21}}]},"4":{"loc":{"start":{"line":31,"column":4},"end":{"line":38,"column":null}},"type":"if","locations":[{"start":{"line":31,"column":4},"end":{"line":38,"column":null}},{"start":{"line":33,"column":11},"end":{"line":38,"column":null}}]},"5":{"loc":{"start":{"line":35,"column":6},"end":{"line":37,"column":null}},"type":"if","locations":[{"start":{"line":35,"column":6},"end":{"line":37,"column":null}}]},"6":{"loc":{"start":{"line":39,"column":4},"end":{"line":41,"column":null}},"type":"if","locations":[{"start":{"line":39,"column":4},"end":{"line":41,"column":null}}]},"7":{"loc":{"start":{"line":46,"column":7},"end":{"line":46,"column":49}},"type":"binary-expr","locations":[{"start":{"line":46,"column":7},"end":{"line":46,"column":16}},{"start":{"line":46,"column":20},"end":{"line":46,"column":49}}]},"8":{"loc":{"start":{"line":48,"column":9},"end":{"line":62,"column":null}},"type":"cond-expr","locations":[{"start":{"line":49,"column":10},"end":{"line":49,"column":28}},{"start":{"line":50,"column":12},"end":{"line":62,"column":null}}]},"9":{"loc":{"start":{"line":50,"column":12},"end":{"line":62,"column":null}},"type":"cond-expr","locations":[{"start":{"line":51,"column":10},"end":{"line":60,"column":12}},{"start":{"line":62,"column":10},"end":{"line":62,"column":60}}]},"10":{"loc":{"start":{"line":53,"column":29},"end":{"line":53,"column":61}},"type":"binary-expr","locations":[{"start":{"line":53,"column":29},"end":{"line":53,"column":39}},{"start":{"line":53,"column":43},"end":{"line":53,"column":61}}]},"11":{"loc":{"start":{"line":54,"column":16},"end":{"line":54,"column":null}},"type":"cond-expr","locations":[{"start":{"line":54,"column":23},"end":{"line":54,"column":37}},{"start":{"line":54,"column":40},"end":{"line":54,"column":null}}]},"12":{"loc":{"start":{"line":62,"column":13},"end":{"line":62,"column":56}},"type":"binary-expr","locations":[{"start":{"line":62,"column":13},"end":{"line":62,"column":25}},{"start":{"line":62,"column":29},"end":{"line":62,"column":56}}]}},"s":{"0":2,"1":2,"2":2,"3":2,"4":2,"5":2,"6":2,"7":2,"8":2,"9":2,"10":2,"11":2,"12":2,"13":11,"14":32,"15":11,"16":32,"17":11,"18":11,"19":11,"20":11,"21":11,"22":11,"23":11,"24":11,"25":5,"26":3,"27":2,"28":2,"29":2,"30":5,"31":2,"32":11,"33":30,"34":2},"f":{"0":11,"1":32,"2":32,"3":5,"4":30},"b":{"0":[11,0],"1":[0,11],"2":[11,11],"3":[11,11],"4":[3,2],"5":[2],"6":[2],"7":[11,0],"8":[5,6],"9":[3,3],"10":[30,30],"11":[0,30],"12":[3,0]}}
,"D:\\ARTEM\\JS\\rs-school\\react\\module1\\src\\components\\DetailsCard\\index.tsx": {"path":"D:\\ARTEM\\JS\\rs-school\\react\\module1\\src\\components\\DetailsCard\\index.tsx","statementMap":{"0":{"start":{"line":1,"column":0},"end":{"line":1,"column":51}},"1":{"start":{"line":3,"column":0},"end":{"line":3,"column":31}},"2":{"start":{"line":5,"column":0},"end":{"line":5,"column":43}},"3":{"start":{"line":6,"column":0},"end":{"line":6,"column":65}},"4":{"start":{"line":7,"column":0},"end":{"line":7,"column":67}},"5":{"start":{"line":8,"column":0},"end":{"line":8,"column":73}},"6":{"start":{"line":9,"column":0},"end":{"line":9,"column":34}},"7":{"start":{"line":11,"column":27},"end":{"line":47,"column":1}},"8":{"start":{"line":12,"column":31},"end":{"line":12,"column":42}},"9":{"start":{"line":13,"column":19},"end":{"line":13,"column":35}},"10":{"start":{"line":14,"column":31},"end":{"line":14,"column":71}},"11":{"start":{"line":14,"column":57},"end":{"line":14,"column":70}},"12":{"start":{"line":16,"column":31},"end":{"line":16,"column":57}},"13":{"start":{"line":18,"column":2},"end":{"line":22,"column":39}},"14":{"start":{"line":19,"column":4},"end":{"line":21,"column":51}},"15":{"start":{"line":20,"column":6},"end":{"line":20,"column":45}},"16":{"start":{"line":21,"column":11},"end":{"line":21,"column":51}},"17":{"start":{"line":24,"column":2},"end":{"line":46,"column":4}},"18":{"start":{"line":11,"column":13},"end":{"line":11,"column":27}}},"fnMap":{"0":{"name":"(anonymous_1)","decl":{"start":{"line":11,"column":27},"end":{"line":11,"column":30}},"loc":{"start":{"line":11,"column":32},"end":{"line":47,"column":1}}},"1":{"name":"(anonymous_2)","decl":{"start":{"line":14,"column":46},"end":{"line":14,"column":47}},"loc":{"start":{"line":14,"column":57},"end":{"line":14,"column":70}}},"2":{"name":"(anonymous_3)","decl":{"start":{"line":18,"column":12},"end":{"line":18,"column":15}},"loc":{"start":{"line":18,"column":17},"end":{"line":22,"column":3}}}},"branchMap":{"0":{"loc":{"start":{"line":16,"column":47},"end":{"line":16,"column":56}},"type":"binary-expr","locations":[{"start":{"line":16,"column":47},"end":{"line":16,"column":49}},{"start":{"line":16,"column":53},"end":{"line":16,"column":56}}]},"1":{"loc":{"start":{"line":19,"column":4},"end":{"line":21,"column":51}},"type":"if","locations":[{"start":{"line":19,"column":4},"end":{"line":21,"column":51}},{"start":{"line":21,"column":11},"end":{"line":21,"column":51}}]},"2":{"loc":{"start":{"line":26,"column":7},"end":{"line":43,"column":null}},"type":"cond-expr","locations":[{"start":{"line":27,"column":8},"end":{"line":27,"column":58}},{"start":{"line":29,"column":8},"end":{"line":42,"column":null}}]},"3":{"loc":{"start":{"line":29,"column":8},"end":{"line":42,"column":null}},"type":"binary-expr","locations":[{"start":{"line":29,"column":8},"end":{"line":29,"column":12}},{"start":{"line":30,"column":10},"end":{"line":41,"column":null}}]},"4":{"loc":{"start":{"line":37,"column":44},"end":{"line":37,"column":54}},"type":"binary-expr","locations":[{"start":{"line":37,"column":44},"end":{"line":37,"column":48}},{"start":{"line":37,"column":52},"end":{"line":37,"column":54}}]}},"s":{"0":2,"1":2,"2":2,"3":2,"4":2,"5":2,"6":2,"7":2,"8":12,"9":12,"10":12,"11":35,"12":12,"13":12,"14":6,"15":4,"16":2,"17":12,"18":2},"f":{"0":12,"1":35,"2":6},"b":{"0":[12,10],"1":[4,2],"2":[7,5],"3":[5,2],"4":[2,2]}}
,"D:\\ARTEM\\JS\\rs-school\\react\\module1\\src\\components\\ErrorBoudary\\index.tsx": {"path":"D:\\ARTEM\\JS\\rs-school\\react\\module1\\src\\components\\ErrorBoudary\\index.tsx","statementMap":{"0":{"start":{"line":1,"column":0},"end":{"line":1,"column":26}},"1":{"start":{"line":17,"column":4},"end":{"line":17,"column":17}},"2":{"start":{"line":18,"column":4},"end":{"line":18,"column":37}},"3":{"start":{"line":22,"column":4},"end":{"line":22,"column":23}},"4":{"start":{"line":23,"column":4},"end":{"line":23,"column":30}},"5":{"start":{"line":27,"column":4},"end":{"line":27,"column":52}},"6":{"start":{"line":31,"column":4},"end":{"line":33,"column":null}},"7":{"start":{"line":32,"column":6},"end":{"line":32,"column":30}},"8":{"start":{"line":34,"column":4},"end":{"line":34,"column":31}},"9":{"start":{"line":12,"column":0},"end":{"line":12,"column":13}},"10":{"start":{"line":41,"column":2},"end":{"line":41,"column":37}}},"fnMap":{"0":{"name":"(anonymous_1)","decl":{"start":{"line":16,"column":2},"end":{"line":16,"column":14}},"loc":{"start":{"line":16,"column":39},"end":{"line":19,"column":3}}},"1":{"name":"(anonymous_2)","decl":{"start":{"line":21,"column":2},"end":{"line":21,"column":8}},"loc":{"start":{"line":21,"column":46},"end":{"line":24,"column":3}}},"2":{"name":"(anonymous_3)","decl":{"start":{"line":26,"column":2},"end":{"line":26,"column":19}},"loc":{"start":{"line":26,"column":55},"end":{"line":28,"column":3}}},"3":{"name":"(anonymous_4)","decl":{"start":{"line":30,"column":2},"end":{"line":30,"column":8}},"loc":{"start":{"line":30,"column":8},"end":{"line":35,"column":3}}},"4":{"name":"logErrorToMyService","decl":{"start":{"line":37,"column":9},"end":{"line":37,"column":28}},"loc":{"start":{"line":39,"column":43},"end":{"line":42,"column":1}}}},"branchMap":{"0":{"loc":{"start":{"line":31,"column":4},"end":{"line":33,"column":null}},"type":"if","locations":[{"start":{"line":31,"column":4},"end":{"line":33,"column":null}}]}},"s":{"0":0,"1":0,"2":0,"3":0,"4":0,"5":0,"6":0,"7":0,"8":0,"9":0,"10":0},"f":{"0":0,"1":0,"2":0,"3":0,"4":0},"b":{"0":[0]}}
,"D:\\ARTEM\\JS\\rs-school\\react\\module1\\src\\components\\ErrorBtn\\index.tsx": {"path":"D:\\ARTEM\\JS\\rs-school\\react\\module1\\src\\components\\ErrorBtn\\index.tsx","statementMap":{"0":{"start":{"line":1,"column":0},"end":{"line":1,"column":33}},"1":{"start":{"line":2,"column":0},"end":{"line":2,"column":38}},"2":{"start":{"line":4,"column":24},"end":{"line":19,"column":1}},"3":{"start":{"line":5,"column":38},"end":{"line":5,"column":53}},"4":{"start":{"line":7,"column":22},"end":{"line":9,"column":3}},"5":{"start":{"line":8,"column":4},"end":{"line":8,"column":24}},"6":{"start":{"line":11,"column":2},"end":{"line":13,"column":null}},"7":{"start":{"line":12,"column":4},"end":{"line":12,"column":49}},"8":{"start":{"line":14,"column":2},"end":{"line":18,"column":4}},"9":{"start":{"line":4,"column":13},"end":{"line":4,"column":24}}},"fnMap":{"0":{"name":"(anonymous_0)","decl":{"start":{"line":4,"column":24},"end":{"line":4,"column":27}},"loc":{"start":{"line":4,"column":29},"end":{"line":19,"column":1}}},"1":{"name":"(anonymous_1)","decl":{"start":{"line":7,"column":22},"end":{"line":7,"column":25}},"loc":{"start":{"line":7,"column":27},"end":{"line":9,"column":3}}}},"branchMap":{"0":{"loc":{"start":{"line":11,"column":2},"end":{"line":13,"column":null}},"type":"if","locations":[{"start":{"line":11,"column":2},"end":{"line":13,"column":null}}]}},"s":{"0":1,"1":1,"2":1,"3":1,"4":1,"5":0,"6":1,"7":0,"8":1,"9":1},"f":{"0":1,"1":0},"b":{"0":[0]}}
,"D:\\ARTEM\\JS\\rs-school\\react\\module1\\src\\components\\Header\\index.tsx": {"path":"D:\\ARTEM\\JS\\rs-school\\react\\module1\\src\\components\\Header\\index.tsx","statementMap":{"0":{"start":{"line":2,"column":0},"end":{"line":2,"column":35}},"1":{"start":{"line":3,"column":0},"end":{"line":3,"column":42}},"2":{"start":{"line":4,"column":0},"end":{"line":4,"column":40}},"3":{"start":{"line":5,"column":0},"end":{"line":5,"column":39}},"4":{"start":{"line":7,"column":32},"end":{"line":19,"column":1}},"5":{"start":{"line":8,"column":2},"end":{"line":18,"column":4}},"6":{"start":{"line":7,"column":13},"end":{"line":7,"column":32}}},"fnMap":{"0":{"name":"(anonymous_1)","decl":{"start":{"line":7,"column":32},"end":{"line":7,"column":35}},"loc":{"start":{"line":7,"column":37},"end":{"line":19,"column":1}}}},"branchMap":{},"s":{"0":1,"1":1,"2":1,"3":1,"4":1,"5":1,"6":1},"f":{"0":1},"b":{}}
,"D:\\ARTEM\\JS\\rs-school\\react\\module1\\src\\components\\Pagination\\index.tsx": {"path":"D:\\ARTEM\\JS\\rs-school\\react\\module1\\src\\components\\Pagination\\index.tsx","statementMap":{"0":{"start":{"line":1,"column":0},"end":{"line":1,"column":43}},"1":{"start":{"line":2,"column":0},"end":{"line":2,"column":46}},"2":{"start":{"line":3,"column":0},"end":{"line":3,"column":51}},"3":{"start":{"line":8,"column":44},"end":{"line":26,"column":1}},"4":{"start":{"line":9,"column":32},"end":{"line":9,"column":71}},"5":{"start":{"line":9,"column":58},"end":{"line":9,"column":70}},"6":{"start":{"line":10,"column":16},"end":{"line":10,"column":45}},"7":{"start":{"line":11,"column":2},"end":{"line":25,"column":4}},"8":{"start":{"line":14,"column":8},"end":{"line":18,"column":null}},"9":{"start":{"line":8,"column":13},"end":{"line":8,"column":44}}},"fnMap":{"0":{"name":"(anonymous_1)","decl":{"start":{"line":8,"column":44},"end":{"line":8,"column":45}},"loc":{"start":{"line":8,"column":63},"end":{"line":26,"column":1}}},"1":{"name":"(anonymous_2)","decl":{"start":{"line":9,"column":47},"end":{"line":9,"column":48}},"loc":{"start":{"line":9,"column":58},"end":{"line":9,"column":70}}},"2":{"name":"(anonymous_3)","decl":{"start":{"line":13,"column":17},"end":{"line":13,"column":18}},"loc":{"start":{"line":14,"column":8},"end":{"line":18,"column":null}}}},"branchMap":{"0":{"loc":{"start":{"line":8,"column":47},"end":{"line":8,"column":57}},"type":"default-arg","locations":[{"start":{"line":8,"column":56},"end":{"line":8,"column":57}}]},"1":{"loc":{"start":{"line":15,"column":25},"end":{"line":15,"column":57}},"type":"binary-expr","locations":[{"start":{"line":15,"column":25},"end":{"line":15,"column":35}},{"start":{"line":15,"column":39},"end":{"line":15,"column":57}}]}},"s":{"0":3,"1":3,"2":3,"3":3,"4":1,"5":2,"6":1,"7":1,"8":3,"9":3},"f":{"0":1,"1":2,"2":3},"b":{"0":[0],"1":[3,3]}}
,"D:\\ARTEM\\JS\\rs-school\\react\\module1\\src\\components\\Search\\index.tsx": {"path":"D:\\ARTEM\\JS\\rs-school\\react\\module1\\src\\components\\Search\\index.tsx","statementMap":{"0":{"start":{"line":2,"column":0},"end":{"line":2,"column":40}},"1":{"start":{"line":3,"column":0},"end":{"line":3,"column":43}},"2":{"start":{"line":4,"column":0},"end":{"line":4,"column":72}},"3":{"start":{"line":5,"column":0},"end":{"line":5,"column":42}},"4":{"start":{"line":6,"column":0},"end":{"line":6,"column":67}},"5":{"start":{"line":7,"column":0},"end":{"line":7,"column":67}},"6":{"start":{"line":9,"column":32},"end":{"line":33,"column":1}},"7":{"start":{"line":10,"column":19},"end":{"line":10,"column":35}},"8":{"start":{"line":11,"column":20},"end":{"line":11,"column":59}},"9":{"start":{"line":11,"column":46},"end":{"line":11,"column":58}},"10":{"start":{"line":13,"column":22},"end":{"line":15,"column":3}},"11":{"start":{"line":14,"column":4},"end":{"line":14,"column":45}},"12":{"start":{"line":16,"column":28},"end":{"line":18,"column":3}},"13":{"start":{"line":17,"column":4},"end":{"line":17,"column":48}},"14":{"start":{"line":20,"column":2},"end":{"line":32,"column":4}},"15":{"start":{"line":9,"column":13},"end":{"line":9,"column":32}}},"fnMap":{"0":{"name":"(anonymous_1)","decl":{"start":{"line":9,"column":32},"end":{"line":9,"column":35}},"loc":{"start":{"line":9,"column":37},"end":{"line":33,"column":1}}},"1":{"name":"(anonymous_2)","decl":{"start":{"line":11,"column":35},"end":{"line":11,"column":36}},"loc":{"start":{"line":11,"column":46},"end":{"line":11,"column":58}}},"2":{"name":"(anonymous_3)","decl":{"start":{"line":13,"column":22},"end":{"line":13,"column":27}},"loc":{"start":{"line":13,"column":33},"end":{"line":15,"column":3}}},"3":{"name":"(anonymous_4)","decl":{"start":{"line":16,"column":28},"end":{"line":16,"column":29}},"loc":{"start":{"line":16,"column":65},"end":{"line":18,"column":3}}}},"branchMap":{"0":{"loc":{"start":{"line":24,"column":22},"end":{"line":24,"column":49}},"type":"binary-expr","locations":[{"start":{"line":24,"column":22},"end":{"line":24,"column":27}},{"start":{"line":24,"column":31},"end":{"line":24,"column":49}}]}},"s":{"0":2,"1":2,"2":2,"3":2,"4":2,"5":2,"6":2,"7":2,"8":2,"9":4,"10":2,"11":1,"12":2,"13":1,"14":2,"15":2},"f":{"0":2,"1":4,"2":1,"3":1},"b":{"0":[2,2]}}
,"D:\\ARTEM\\JS\\rs-school\\react\\module1\\src\\components\\UI\\Button\\index.tsx": {"path":"D:\\ARTEM\\JS\\rs-school\\react\\module1\\src\\components\\UI\\Button\\index.tsx","statementMap":{"0":{"start":{"line":8,"column":45},"end":{"line":10,"column":1}},"1":{"start":{"line":9,"column":2},"end":{"line":9,"column":51}},"2":{"start":{"line":8,"column":13},"end":{"line":8,"column":45}}},"fnMap":{"0":{"name":"(anonymous_0)","decl":{"start":{"line":8,"column":45},"end":{"line":8,"column":46}},"loc":{"start":{"line":8,"column":67},"end":{"line":10,"column":1}}}},"branchMap":{},"s":{"0":1,"1":1,"2":1},"f":{"0":1},"b":{}}
,"D:\\ARTEM\\JS\\rs-school\\react\\module1\\src\\components\\UI\\Input\\indext.tsx": {"path":"D:\\ARTEM\\JS\\rs-school\\react\\module1\\src\\components\\UI\\Input\\indext.tsx","statementMap":{"0":{"start":{"line":8,"column":43},"end":{"line":10,"column":1}},"1":{"start":{"line":9,"column":2},"end":{"line":9,"column":73}},"2":{"start":{"line":8,"column":13},"end":{"line":8,"column":43}}},"fnMap":{"0":{"name":"(anonymous_0)","decl":{"start":{"line":8,"column":43},"end":{"line":8,"column":44}},"loc":{"start":{"line":8,"column":67},"end":{"line":10,"column":1}}}},"branchMap":{},"s":{"0":2,"1":2,"2":2},"f":{"0":2},"b":{}}
,"D:\\ARTEM\\JS\\rs-school\\react\\module1\\src\\components\\UI\\Wrapper\\index.tsx": {"path":"D:\\ARTEM\\JS\\rs-school\\react\\module1\\src\\components\\UI\\Wrapper\\index.tsx","statementMap":{"0":{"start":{"line":2,"column":0},"end":{"line":2,"column":43}},"1":{"start":{"line":8,"column":47},"end":{"line":10,"column":1}},"2":{"start":{"line":9,"column":2},"end":{"line":9,"column":58}},"3":{"start":{"line":8,"column":13},"end":{"line":8,"column":47}}},"fnMap":{"0":{"name":"(anonymous_1)","decl":{"start":{"line":8,"column":47},"end":{"line":8,"column":48}},"loc":{"start":{"line":8,"column":64},"end":{"line":10,"column":1}}}},"branchMap":{},"s":{"0":3,"1":3,"2":12,"3":3},"f":{"0":12},"b":{}}
,"D:\\ARTEM\\JS\\rs-school\\react\\module1\\src\\constants\\constants.ts": {"path":"D:\\ARTEM\\JS\\rs-school\\react\\module1\\src\\constants\\constants.ts","statementMap":{"0":{"start":{"line":1,"column":13},"end":{"line":1,"column":41}}},"fnMap":{},"branchMap":{},"s":{"0":0},"f":{},"b":{}}
,"D:\\ARTEM\\JS\\rs-school\\react\\module1\\src\\helpers\\LocalStorageManager.ts": {"path":"D:\\ARTEM\\JS\\rs-school\\react\\module1\\src\\helpers\\LocalStorageManager.ts","statementMap":{"0":{"start":{"line":3,"column":4},"end":{"line":9,"column":null}},"1":{"start":{"line":4,"column":30},"end":{"line":4,"column":55}},"2":{"start":{"line":5,"column":6},"end":{"line":5,"column":66}},"3":{"start":{"line":7,"column":6},"end":{"line":7,"column":71}},"4":{"start":{"line":8,"column":6},"end":{"line":8,"column":18}},"5":{"start":{"line":13,"column":4},"end":{"line":18,"column":null}},"6":{"start":{"line":14,"column":30},"end":{"line":14,"column":51}},"7":{"start":{"line":15,"column":6},"end":{"line":15,"column":49}},"8":{"start":{"line":17,"column":6},"end":{"line":17,"column":65}},"9":{"start":{"line":1,"column":0},"end":{"line":1,"column":13}}},"fnMap":{"0":{"name":"(anonymous_0)","decl":{"start":{"line":2,"column":2},"end":{"line":2,"column":8}},"loc":{"start":{"line":2,"column":24},"end":{"line":10,"column":3}}},"1":{"name":"(anonymous_1)","decl":{"start":{"line":12,"column":2},"end":{"line":12,"column":8}},"loc":{"start":{"line":12,"column":39},"end":{"line":19,"column":3}}}},"branchMap":{"0":{"loc":{"start":{"line":5,"column":13},"end":{"line":5,"column":65}},"type":"cond-expr","locations":[{"start":{"line":5,"column":31},"end":{"line":5,"column":58}},{"start":{"line":5,"column":61},"end":{"line":5,"column":65}}]}},"s":{"0":0,"1":0,"2":0,"3":0,"4":0,"5":1,"6":1,"7":1,"8":0,"9":2},"f":{"0":0,"1":1},"b":{"0":[0,0]}}
,"D:\\ARTEM\\JS\\rs-school\\react\\module1\\src\\helpers\\getNumberOfPages.ts": {"path":"D:\\ARTEM\\JS\\rs-school\\react\\module1\\src\\helpers\\getNumberOfPages.ts","statementMap":{"0":{"start":{"line":3,"column":32},"end":{"line":5,"column":1}},"1":{"start":{"line":4,"column":2},"end":{"line":4,"column":36}},"2":{"start":{"line":3,"column":13},"end":{"line":3,"column":32}}},"fnMap":{"0":{"name":"(anonymous_0)","decl":{"start":{"line":3,"column":32},"end":{"line":3,"column":33}},"loc":{"start":{"line":3,"column":52},"end":{"line":5,"column":1}}}},"branchMap":{},"s":{"0":2,"1":2,"2":2},"f":{"0":2},"b":{}}
,"D:\\ARTEM\\JS\\rs-school\\react\\module1\\src\\helpers\\getPersonId.ts": {"path":"D:\\ARTEM\\JS\\rs-school\\react\\module1\\src\\helpers\\getPersonId.ts","statementMap":{"0":{"start":{"line":1,"column":27},"end":{"line":4,"column":1}},"1":{"start":{"line":2,"column":21},"end":{"line":2,"column":35}},"2":{"start":{"line":3,"column":2},"end":{"line":3,"column":43}},"3":{"start":{"line":1,"column":13},"end":{"line":1,"column":27}}},"fnMap":{"0":{"name":"(anonymous_0)","decl":{"start":{"line":1,"column":27},"end":{"line":1,"column":28}},"loc":{"start":{"line":1,"column":43},"end":{"line":4,"column":1}}}},"branchMap":{},"s":{"0":4,"1":63,"2":63,"3":4},"f":{"0":63},"b":{}}
,"D:\\ARTEM\\JS\\rs-school\\react\\module1\\src\\hooks\\redux.ts": {"path":"D:\\ARTEM\\JS\\rs-school\\react\\module1\\src\\hooks\\redux.ts","statementMap":{"0":{"start":{"line":1,"column":0},"end":{"line":1,"column":77}},"1":{"start":{"line":4,"column":30},"end":{"line":4,"column":62}},"2":{"start":{"line":4,"column":36},"end":{"line":4,"column":62}},"3":{"start":{"line":4,"column":13},"end":{"line":4,"column":30}},"4":{"start":{"line":5,"column":13},"end":{"line":5,"column":75}}},"fnMap":{"0":{"name":"(anonymous_0)","decl":{"start":{"line":4,"column":30},"end":{"line":4,"column":33}},"loc":{"start":{"line":4,"column":36},"end":{"line":4,"column":62}}}},"branchMap":{},"s":{"0":6,"1":6,"2":25,"3":6,"4":6},"f":{"0":25},"b":{}}
,"D:\\ARTEM\\JS\\rs-school\\react\\module1\\src\\layouts\\MainLayout.tsx": {"path":"D:\\ARTEM\\JS\\rs-school\\react\\module1\\src\\layouts\\MainLayout.tsx","statementMap":{"0":{"start":{"line":1,"column":0},"end":{"line":1,"column":42}},"1":{"start":{"line":2,"column":0},"end":{"line":2,"column":46}},"2":{"start":{"line":4,"column":26},"end":{"line":11,"column":1}},"3":{"start":{"line":5,"column":2},"end":{"line":10,"column":4}},"4":{"start":{"line":4,"column":13},"end":{"line":4,"column":26}}},"fnMap":{"0":{"name":"(anonymous_0)","decl":{"start":{"line":4,"column":26},"end":{"line":4,"column":29}},"loc":{"start":{"line":4,"column":31},"end":{"line":11,"column":1}}}},"branchMap":{},"s":{"0":0,"1":0,"2":0,"3":0,"4":0},"f":{"0":0},"b":{}}
,"D:\\ARTEM\\JS\\rs-school\\react\\module1\\src\\layouts\\ContentLayout\\index.tsx": {"path":"D:\\ARTEM\\JS\\rs-school\\react\\module1\\src\\layouts\\ContentLayout\\index.tsx","statementMap":{"0":{"start":{"line":1,"column":0},"end":{"line":1,"column":42}},"1":{"start":{"line":2,"column":0},"end":{"line":2,"column":51}},"2":{"start":{"line":3,"column":0},"end":{"line":3,"column":49}},"3":{"start":{"line":5,"column":29},"end":{"line":12,"column":1}},"4":{"start":{"line":6,"column":2},"end":{"line":11,"column":4}},"5":{"start":{"line":5,"column":13},"end":{"line":5,"column":29}}},"fnMap":{"0":{"name":"(anonymous_1)","decl":{"start":{"line":5,"column":29},"end":{"line":5,"column":32}},"loc":{"start":{"line":5,"column":34},"end":{"line":12,"column":1}}}},"branchMap":{},"s":{"0":1,"1":1,"2":1,"3":1,"4":1,"5":1},"f":{"0":1},"b":{}}
,"D:\\ARTEM\\JS\\rs-school\\react\\module1\\src\\store\\index.tsx": {"path":"D:\\ARTEM\\JS\\rs-school\\react\\module1\\src\\store\\index.tsx","statementMap":{"0":{"start":{"line":1,"column":0},"end":{"line":1,"column":null}},"1":{"start":{"line":6,"column":0},"end":{"line":6,"column":51}},"2":{"start":{"line":7,"column":0},"end":{"line":7,"column":61}},"3":{"start":{"line":8,"column":0},"end":{"line":8,"column":49}},"4":{"start":{"line":9,"column":0},"end":{"line":9,"column":51}},"5":{"start":{"line":11,"column":20},"end":{"line":16,"column":2}},"6":{"start":{"line":18,"column":26},"end":{"line":25,"column":1}},"7":{"start":{"line":19,"column":2},"end":{"line":24,"column":5}},"8":{"start":{"line":23,"column":6},"end":{"line":23,"column":59}},"9":{"start":{"line":18,"column":13},"end":{"line":18,"column":26}}},"fnMap":{"0":{"name":"(anonymous_1)","decl":{"start":{"line":18,"column":26},"end":{"line":18,"column":27}},"loc":{"start":{"line":18,"column":73},"end":{"line":25,"column":1}}},"1":{"name":"(anonymous_2)","decl":{"start":{"line":22,"column":16},"end":{"line":22,"column":17}},"loc":{"start":{"line":23,"column":6},"end":{"line":23,"column":59}}}},"branchMap":{},"s":{"0":7,"1":7,"2":7,"3":7,"4":7,"5":7,"6":7,"7":15,"8":15,"9":7},"f":{"0":15,"1":15},"b":{}}
,"D:\\ARTEM\\JS\\rs-school\\react\\module1\\src\\store\\services\\strarWras.ts": {"path":"D:\\ARTEM\\JS\\rs-school\\react\\module1\\src\\store\\services\\strarWras.ts","statementMap":{"0":{"start":{"line":1,"column":0},"end":{"line":1,"column":73}},"1":{"start":{"line":3,"column":0},"end":{"line":3,"column":36}},"2":{"start":{"line":6,"column":13},"end":{"line":28,"column":3}},"3":{"start":{"line":10,"column":27},"end":{"line":27,"column":4}},"4":{"start":{"line":13,"column":8},"end":{"line":13,"column":47}},"5":{"start":{"line":15,"column":8},"end":{"line":17,"column":null}},"6":{"start":{"line":16,"column":10},"end":{"line":16,"column":20}},"7":{"start":{"line":18,"column":52},"end":{"line":20,"column":10}},"8":{"start":{"line":21,"column":8},"end":{"line":21,"column":20}},"9":{"start":{"line":25,"column":26},"end":{"line":25,"column":40}},"10":{"start":{"line":30,"column":15},"end":{"line":30,"column":66}}},"fnMap":{"0":{"name":"(anonymous_0)","decl":{"start":{"line":10,"column":13},"end":{"line":10,"column":14}},"loc":{"start":{"line":10,"column":27},"end":{"line":27,"column":4}}},"1":{"name":"(anonymous_1)","decl":{"start":{"line":12,"column":13},"end":{"line":12,"column":14}},"loc":{"start":{"line":13,"column":8},"end":{"line":13,"column":47}}},"2":{"name":"(anonymous_2)","decl":{"start":{"line":14,"column":20},"end":{"line":14,"column":21}},"loc":{"start":{"line":14,"column":38},"end":{"line":22,"column":7}}},"3":{"name":"(anonymous_3)","decl":{"start":{"line":25,"column":13},"end":{"line":25,"column":14}},"loc":{"start":{"line":25,"column":26},"end":{"line":25,"column":40}}}},"branchMap":{"0":{"loc":{"start":{"line":12,"column":16},"end":{"line":12,"column":27}},"type":"default-arg","locations":[{"start":{"line":12,"column":25},"end":{"line":12,"column":27}}]},"1":{"loc":{"start":{"line":12,"column":29},"end":{"line":12,"column":38}},"type":"default-arg","locations":[{"start":{"line":12,"column":36},"end":{"line":12,"column":38}}]},"2":{"loc":{"start":{"line":15,"column":8},"end":{"line":17,"column":null}},"type":"if","locations":[{"start":{"line":15,"column":8},"end":{"line":17,"column":null}}]},"3":{"loc":{"start":{"line":15,"column":12},"end":{"line":15,"column":28}},"type":"binary-expr","locations":[{"start":{"line":15,"column":12},"end":{"line":15,"column":17}},{"start":{"line":15,"column":21},"end":{"line":15,"column":28}}]},"4":{"loc":{"start":{"line":25,"column":14},"end":{"line":25,"column":21}},"type":"default-arg","locations":[{"start":{"line":25,"column":19},"end":{"line":25,"column":21}}]}},"s":{"0":7,"1":7,"2":7,"3":7,"4":3,"5":2,"6":0,"7":2,"8":2,"9":4,"10":7},"f":{"0":7,"1":3,"2":2,"3":4},"b":{"0":[0],"1":[0],"2":[0],"3":[2,2],"4":[0]}}
,"D:\\ARTEM\\JS\\rs-school\\react\\module1\\src\\store\\slices\\itemsPerPageSlice.tsx": {"path":"D:\\ARTEM\\JS\\rs-school\\react\\module1\\src\\store\\slices\\itemsPerPageSlice.tsx","statementMap":{"0":{"start":{"line":1,"column":0},"end":{"line":1,"column":47}},"1":{"start":{"line":9,"column":21},"end":{"line":9,"column":54}},"2":{"start":{"line":11,"column":26},"end":{"line":19,"column":2}},"3":{"start":{"line":16,"column":6},"end":{"line":16,"column":34}},"4":{"start":{"line":21,"column":15},"end":{"line":21,"column":69}},"5":{"start":{"line":22,"column":0},"end":{"line":22,"column":41}}},"fnMap":{"0":{"name":"(anonymous_0)","decl":{"start":{"line":15,"column":4},"end":{"line":15,"column":27}},"loc":{"start":{"line":15,"column":65},"end":{"line":17,"column":5}}}},"branchMap":{},"s":{"0":7,"1":7,"2":7,"3":2,"4":7,"5":7},"f":{"0":2},"b":{}}
,"D:\\ARTEM\\JS\\rs-school\\react\\module1\\src\\store\\slices\\loadingSlice.tsx": {"path":"D:\\ARTEM\\JS\\rs-school\\react\\module1\\src\\store\\slices\\loadingSlice.tsx","statementMap":{"0":{"start":{"line":1,"column":0},"end":{"line":1,"column":47}},"1":{"start":{"line":9,"column":21},"end":{"line":12,"column":18}},"2":{"start":{"line":14,"column":21},"end":{"line":25,"column":2}},"3":{"start":{"line":19,"column":6},"end":{"line":19,"column":46}},"4":{"start":{"line":22,"column":6},"end":{"line":22,"column":46}},"5":{"start":{"line":27,"column":13},"end":{"line":27,"column":null}},"6":{"start":{"line":29,"column":0},"end":{"line":29,"column":36}}},"fnMap":{"0":{"name":"(anonymous_0)","decl":{"start":{"line":18,"column":4},"end":{"line":18,"column":26}},"loc":{"start":{"line":18,"column":64},"end":{"line":20,"column":5}}},"1":{"name":"(anonymous_1)","decl":{"start":{"line":21,"column":4},"end":{"line":21,"column":26}},"loc":{"start":{"line":21,"column":64},"end":{"line":23,"column":5}}}},"branchMap":{},"s":{"0":7,"1":7,"2":7,"3":5,"4":6,"5":7,"6":7},"f":{"0":5,"1":6},"b":{}}
,"D:\\ARTEM\\JS\\rs-school\\react\\module1\\src\\store\\slices\\searchSlice.tsx": {"path":"D:\\ARTEM\\JS\\rs-school\\react\\module1\\src\\store\\slices\\searchSlice.tsx","statementMap":{"0":{"start":{"line":1,"column":0},"end":{"line":1,"column":47}},"1":{"start":{"line":8,"column":21},"end":{"line":8,"column":49}},"2":{"start":{"line":10,"column":20},"end":{"line":18,"column":2}},"3":{"start":{"line":15,"column":6},"end":{"line":15,"column":35}},"4":{"start":{"line":20,"column":15},"end":{"line":20,"column":57}},"5":{"start":{"line":21,"column":0},"end":{"line":21,"column":35}}},"fnMap":{"0":{"name":"(anonymous_0)","decl":{"start":{"line":14,"column":4},"end":{"line":14,"column":21}},"loc":{"start":{"line":14,"column":58},"end":{"line":16,"column":5}}}},"branchMap":{},"s":{"0":7,"1":7,"2":7,"3":0,"4":7,"5":7},"f":{"0":0},"b":{}}
}
