TN:
SF:src\App.tsx
FN:22,App
FNF:1
FNH:0
FNDA:0,App
DA:1,0
DA:7,0
DA:8,0
DA:9,0
DA:11,0
DA:23,0
DA:30,0
LF:7
LH:0
BRF:0
BRH:0
end_of_record
TN:
SF:src\main.tsx
FNF:0
FNH:0
DA:1,0
DA:2,0
DA:3,0
DA:4,0
DA:5,0
DA:6,0
DA:7,0
DA:9,0
DA:11,0
LF:9
LH:0
BRF:0
BRH:0
end_of_record
TN:
SF:src\test-utils.tsx
FN:15,renderWithProviders
FN:25,Wrapper
FNF:2
FNH:2
FNDA:8,renderWithProviders
FNDA:8,Wrapper
DA:2,5
DA:3,5
DA:5,5
DA:8,5
DA:15,5
DA:23,8
DA:26,8
DA:29,8
LF:8
LH:8
BRDA:17,0,0,7
BRDA:18,1,0,7
BRDA:19,2,0,8
BRF:3
BRH:3
end_of_record
TN:
SF:src\vite-env.d.ts
FNF:0
FNH:0
LF:0
LH:0
BRF:0
BRH:0
end_of_record
TN:
SF:src\api\url.ts
FNF:0
FNH:0
DA:1,7
LF:1
LH:1
BRF:0
BRH:0
end_of_record
TN:
SF:src\components\Card\index.tsx
FN:11,(anonymous_1)
FNF:1
FNH:1
FNDA:33,(anonymous_1)
DA:3,4
DA:4,4
DA:5,4
DA:11,4
DA:12,33
DA:13,33
DA:15,33
LF:7
LH:7
BRF:0
BRH:0
end_of_record
TN:
SF:src\components\Content\index.tsx
FN:15,(anonymous_1)
FN:16,(anonymous_2)
FN:17,(anonymous_3)
FN:30,(anonymous_4)
FN:51,(anonymous_5)
FNF:5
FNH:5
FNDA:11,(anonymous_1)
FNDA:32,(anonymous_2)
FNDA:32,(anonymous_3)
FNDA:5,(anonymous_4)
FNDA:30,(anonymous_5)
DA:1,2
DA:2,2
DA:3,2
DA:4,2
DA:5,2
DA:7,2
DA:8,2
DA:9,2
DA:10,2
DA:11,2
DA:12,2
DA:13,2
DA:15,2
DA:16,32
DA:17,32
DA:18,11
DA:19,11
DA:20,11
DA:21,11
DA:23,11
DA:25,11
DA:26,11
DA:30,11
DA:31,5
DA:32,3
DA:34,2
DA:35,2
DA:36,2
DA:39,5
DA:40,2
DA:44,11
DA:52,30
LF:32
LH:32
BRDA:23,0,0,11
BRDA:23,0,1,0
BRDA:25,1,0,0
BRDA:25,1,1,11
BRDA:27,2,0,11
BRDA:27,2,1,11
BRDA:28,3,0,11
BRDA:28,3,1,11
BRDA:31,4,0,3
BRDA:31,4,1,2
BRDA:35,5,0,2
BRDA:39,6,0,2
BRDA:46,7,0,11
BRDA:46,7,1,0
BRDA:48,8,0,5
BRDA:48,8,1,6
BRDA:50,9,0,3
BRDA:50,9,1,3
BRDA:53,10,0,30
BRDA:53,10,1,30
BRDA:54,11,0,0
BRDA:54,11,1,30
BRDA:62,12,0,3
BRDA:62,12,1,0
BRF:24
BRH:19
end_of_record
TN:
SF:src\components\DetailsCard\index.tsx
FN:11,(anonymous_1)
FN:14,(anonymous_2)
FN:18,(anonymous_3)
FNF:3
FNH:3
FNDA:12,(anonymous_1)
FNDA:35,(anonymous_2)
FNDA:6,(anonymous_3)
DA:1,2
DA:3,2
DA:5,2
DA:6,2
DA:7,2
DA:8,2
DA:9,2
DA:11,2
DA:12,12
DA:13,12
DA:14,35
DA:16,12
DA:18,12
DA:19,6
DA:20,4
DA:21,2
DA:24,12
LF:17
LH:17
BRDA:16,0,0,12
BRDA:16,0,1,10
BRDA:19,1,0,4
BRDA:19,1,1,2
BRDA:26,2,0,7
BRDA:26,2,1,5
BRDA:29,3,0,5
BRDA:29,3,1,2
BRDA:37,4,0,2
BRDA:37,4,1,2
BRF:10
BRH:10
end_of_record
TN:
SF:src\components\ErrorBoudary\index.tsx
FN:16,(anonymous_1)
FN:21,(anonymous_2)
FN:26,(anonymous_3)
FN:30,(anonymous_4)
FN:37,logErrorToMyService
FNF:5
FNH:0
FNDA:0,(anonymous_1)
FNDA:0,(anonymous_2)
FNDA:0,(anonymous_3)
FNDA:0,(anonymous_4)
FNDA:0,logErrorToMyService
DA:1,0
DA:12,0
DA:17,0
DA:18,0
DA:22,0
DA:23,0
DA:27,0
DA:31,0
DA:32,0
DA:34,0
DA:41,0
LF:11
LH:0
BRDA:31,0,0,0
BRF:1
BRH:0
end_of_record
TN:
SF:src\components\ErrorBtn\index.tsx
FN:4,(anonymous_0)
FN:7,(anonymous_1)
FNF:2
FNH:1
FNDA:1,(anonymous_0)
FNDA:0,(anonymous_1)
DA:1,1
DA:2,1
DA:4,1
DA:5,1
DA:7,1
DA:8,0
DA:11,1
DA:12,0
DA:14,1
LF:9
LH:7
BRDA:11,0,0,0
BRF:1
BRH:0
end_of_record
TN:
SF:src\components\Header\index.tsx
FN:7,(anonymous_1)
FNF:1
FNH:1
FNDA:1,(anonymous_1)
DA:2,1
DA:3,1
DA:4,1
DA:5,1
DA:7,1
DA:8,1
LF:6
LH:6
BRF:0
BRH:0
end_of_record
TN:
SF:src\components\Pagination\index.tsx
FN:8,(anonymous_1)
FN:9,(anonymous_2)
FN:13,(anonymous_3)
FNF:3
FNH:3
FNDA:1,(anonymous_1)
FNDA:2,(anonymous_2)
FNDA:3,(anonymous_3)
DA:1,3
DA:2,3
DA:3,3
DA:8,3
DA:9,2
DA:10,1
DA:11,1
DA:14,3
LF:8
LH:8
BRDA:8,0,0,0
BRDA:15,1,0,3
BRDA:15,1,1,3
BRF:3
BRH:2
end_of_record
TN:
SF:src\components\Search\index.tsx
FN:9,(anonymous_1)
FN:11,(anonymous_2)
FN:13,(anonymous_3)
FN:16,(anonymous_4)
FNF:4
FNH:4
FNDA:2,(anonymous_1)
FNDA:4,(anonymous_2)
FNDA:1,(anonymous_3)
FNDA:1,(anonymous_4)
DA:2,2
DA:3,2
DA:4,2
DA:5,2
DA:6,2
DA:7,2
DA:9,2
DA:10,2
DA:11,4
DA:13,2
DA:14,1
DA:16,2
DA:17,1
DA:20,2
LF:14
LH:14
BRDA:24,0,0,2
BRDA:24,0,1,2
BRF:2
BRH:2
end_of_record
TN:
SF:src\components\UI\Button\index.tsx
FN:8,(anonymous_0)
FNF:1
FNH:1
FNDA:1,(anonymous_0)
DA:8,1
DA:9,1
LF:2
LH:2
BRF:0
BRH:0
end_of_record
TN:
SF:src\components\UI\Input\indext.tsx
FN:8,(anonymous_0)
FNF:1
FNH:1
FNDA:2,(anonymous_0)
DA:8,2
DA:9,2
LF:2
LH:2
BRF:0
BRH:0
end_of_record
TN:
SF:src\components\UI\Wrapper\index.tsx
FN:8,(anonymous_1)
FNF:1
FNH:1
FNDA:12,(anonymous_1)
DA:2,3
DA:8,3
DA:9,12
LF:3
LH:3
BRF:0
BRH:0
end_of_record
TN:
SF:src\constants\constants.ts
FNF:0
FNH:0
DA:1,0
LF:1
LH:0
BRF:0
BRH:0
end_of_record
TN:
SF:src\helpers\LocalStorageManager.ts
FN:2,(anonymous_0)
FN:12,(anonymous_1)
FNF:2
FNH:1
FNDA:0,(anonymous_0)
FNDA:1,(anonymous_1)
DA:1,2
DA:3,0
DA:4,0
DA:5,0
DA:7,0
DA:8,0
DA:13,1
DA:14,1
DA:15,1
DA:17,0
LF:10
LH:4
BRDA:5,0,0,0
BRDA:5,0,1,0
BRF:2
BRH:0
end_of_record
TN:
SF:src\helpers\getNumberOfPages.ts
FN:3,(anonymous_0)
FNF:1
FNH:1
FNDA:2,(anonymous_0)
DA:3,2
DA:4,2
LF:2
LH:2
BRF:0
BRH:0
end_of_record
TN:
SF:src\helpers\getPersonId.ts
FN:1,(anonymous_0)
FNF:1
FNH:1
FNDA:63,(anonymous_0)
DA:1,4
DA:2,63
DA:3,63
LF:3
LH:3
BRF:0
BRH:0
end_of_record
TN:
SF:src\hooks\redux.ts
FN:4,(anonymous_0)
FNF:1
FNH:1
FNDA:25,(anonymous_0)
DA:1,6
DA:4,25
DA:5,6
LF:3
LH:3
BRF:0
BRH:0
end_of_record
TN:
SF:src\layouts\MainLayout.tsx
FN:4,(anonymous_0)
FNF:1
FNH:0
FNDA:0,(anonymous_0)
DA:1,0
DA:2,0
DA:4,0
DA:5,0
LF:4
LH:0
BRF:0
BRH:0
end_of_record
TN:
SF:src\layouts\ContentLayout\index.tsx
FN:5,(anonymous_1)
FNF:1
FNH:1
FNDA:1,(anonymous_1)
DA:1,1
DA:2,1
DA:3,1
DA:5,1
DA:6,1
LF:5
LH:5
BRF:0
BRH:0
end_of_record
TN:
SF:src\store\index.tsx
FN:18,(anonymous_1)
FN:22,(anonymous_2)
FNF:2
FNH:2
FNDA:15,(anonymous_1)
FNDA:15,(anonymous_2)
DA:1,7
DA:6,7
DA:7,7
DA:8,7
DA:9,7
DA:11,7
DA:18,7
DA:19,15
DA:23,15
LF:9
LH:9
BRF:0
BRH:0
end_of_record
TN:
SF:src\store\services\strarWras.ts
FN:10,(anonymous_0)
FN:12,(anonymous_1)
FN:14,(anonymous_2)
FN:25,(anonymous_3)
FNF:4
FNH:4
FNDA:7,(anonymous_0)
FNDA:3,(anonymous_1)
FNDA:2,(anonymous_2)
FNDA:4,(anonymous_3)
DA:1,7
DA:3,7
DA:6,7
DA:10,7
DA:13,3
DA:15,2
DA:16,0
DA:18,2
DA:21,2
DA:25,4
DA:30,7
LF:11
LH:10
BRDA:12,0,0,0
BRDA:12,1,0,0
BRDA:15,2,0,0
BRDA:15,3,0,2
BRDA:15,3,1,2
BRDA:25,4,0,0
BRF:6
BRH:2
end_of_record
TN:
SF:src\store\slices\itemsPerPageSlice.tsx
FN:15,(anonymous_0)
FNF:1
FNH:1
FNDA:2,(anonymous_0)
DA:1,7
DA:9,7
DA:11,7
DA:16,2
DA:21,7
DA:22,7
LF:6
LH:6
BRF:0
BRH:0
end_of_record
TN:
SF:src\store\slices\loadingSlice.tsx
FN:18,(anonymous_0)
FN:21,(anonymous_1)
FNF:2
FNH:2
FNDA:5,(anonymous_0)
FNDA:6,(anonymous_1)
DA:1,7
DA:9,7
DA:14,7
DA:19,5
DA:22,6
DA:27,7
DA:29,7
LF:7
LH:7
BRF:0
BRH:0
end_of_record
TN:
SF:src\store\slices\searchSlice.tsx
FN:14,(anonymous_0)
FNF:1
FNH:0
FNDA:0,(anonymous_0)
DA:1,7
DA:8,7
DA:10,7
DA:15,0
DA:20,7
DA:21,7
LF:6
LH:5
BRF:0
BRH:0
end_of_record
