TN:
SF:src\App.tsx
FN:23,App
FNF:1
FNH:0
FNDA:0,App
DA:1,0
DA:7,0
DA:8,0
DA:9,0
DA:10,0
DA:12,0
DA:24,0
DA:33,0
LF:8
LH:0
BRF:0
BRH:0
end_of_record
TN:
SF:src\main.tsx
FNF:0
FNH:0
DA:1,0
DA:2,0
DA:3,0
DA:4,0
DA:5,0
DA:7,0
LF:6
LH:0
BRF:0
BRH:0
end_of_record
TN:
SF:src\vite-env.d.ts
FNF:0
FNH:0
LF:0
LH:0
BRF:0
BRH:0
end_of_record
TN:
SF:src\api\FetchData.ts
FN:7,(anonymous_1)
FN:12,(anonymous_2)
FNF:2
FNH:0
FNDA:0,(anonymous_1)
FNDA:0,(anonymous_2)
DA:1,2
DA:2,2
DA:4,2
DA:6,2
DA:8,0
DA:13,0
LF:6
LH:4
BRDA:7,0,0,0
BRDA:7,1,0,0
BRDA:12,2,0,0
BRF:3
BRH:0
end_of_record
TN:
SF:src\api\url.ts
FNF:0
FNH:0
DA:1,5
LF:1
LH:1
BRF:0
BRH:0
end_of_record
TN:
SF:src\components\Card\index.tsx
FN:11,(anonymous_1)
FNF:1
FNH:1
FNDA:43,(anonymous_1)
DA:3,3
DA:4,3
DA:5,3
DA:11,3
DA:12,43
DA:13,43
DA:15,43
LF:7
LH:7
BRF:0
BRH:0
end_of_record
TN:
SF:src\components\Content\index.tsx
FN:12,(anonymous_1)
FN:18,(anonymous_2)
FN:30,(anonymous_3)
FNF:3
FNH:3
FNDA:6,(anonymous_1)
FNDA:3,(anonymous_2)
FNDA:40,(anonymous_3)
DA:1,1
DA:2,1
DA:3,1
DA:4,1
DA:5,1
DA:7,1
DA:8,1
DA:9,1
DA:10,1
DA:12,1
DA:13,6
DA:14,6
DA:15,6
DA:16,6
DA:17,6
DA:18,6
DA:19,3
DA:20,3
DA:24,6
DA:31,40
LF:20
LH:20
BRDA:19,0,0,3
BRDA:27,1,0,0
BRDA:27,1,1,6
BRDA:29,2,0,6
BRDA:29,2,1,0
BRDA:32,3,0,40
BRDA:32,3,1,40
BRDA:33,4,0,0
BRDA:33,4,1,40
BRDA:41,5,0,0
BRDA:41,5,1,0
BRDA:44,6,0,6
BRDA:44,6,1,0
BRF:13
BRH:7
end_of_record
TN:
SF:src\components\DetailsCard\index.tsx
FN:10,(anonymous_1)
FN:15,(anonymous_2)
FN:17,(anonymous_3)
FNF:3
FNH:3
FNDA:4,(anonymous_1)
FNDA:4,(anonymous_2)
FNDA:4,(anonymous_3)
DA:1,2
DA:3,2
DA:5,2
DA:6,2
DA:7,2
DA:8,2
DA:10,2
DA:11,4
DA:13,4
DA:15,4
DA:16,4
DA:17,4
DA:18,4
DA:19,4
DA:23,4
LF:15
LH:15
BRDA:25,0,0,1
BRDA:25,0,1,3
BRDA:28,1,0,3
BRDA:28,1,1,2
BRDA:36,2,0,2
BRDA:36,2,1,2
BRF:6
BRH:6
end_of_record
TN:
SF:src\components\ErrorBoudary\index.tsx
FN:16,(anonymous_1)
FN:21,(anonymous_2)
FN:26,(anonymous_3)
FN:30,(anonymous_4)
FN:37,logErrorToMyService
FNF:5
FNH:0
FNDA:0,(anonymous_1)
FNDA:0,(anonymous_2)
FNDA:0,(anonymous_3)
FNDA:0,(anonymous_4)
FNDA:0,logErrorToMyService
DA:1,0
DA:12,0
DA:17,0
DA:18,0
DA:22,0
DA:23,0
DA:27,0
DA:31,0
DA:32,0
DA:34,0
DA:41,0
LF:11
LH:0
BRDA:31,0,0,0
BRF:1
BRH:0
end_of_record
TN:
SF:src\components\ErrorBtn\index.tsx
FN:4,(anonymous_0)
FN:7,(anonymous_1)
FNF:2
FNH:0
FNDA:0,(anonymous_0)
FNDA:0,(anonymous_1)
DA:1,0
DA:2,0
DA:4,0
DA:5,0
DA:7,0
DA:8,0
DA:11,0
DA:12,0
DA:14,0
LF:9
LH:0
BRDA:11,0,0,0
BRF:1
BRH:0
end_of_record
TN:
SF:src\components\Header\index.tsx
FN:7,(anonymous_1)
FNF:1
FNH:0
FNDA:0,(anonymous_1)
DA:2,0
DA:3,0
DA:4,0
DA:5,0
DA:7,0
DA:8,0
LF:6
LH:0
BRF:0
BRH:0
end_of_record
TN:
SF:src\components\Pagination\index.tsx
FN:9,(anonymous_1)
FN:14,(anonymous_2)
FNF:2
FNH:2
FNDA:1,(anonymous_1)
FNDA:3,(anonymous_2)
DA:1,2
DA:2,2
DA:3,2
DA:4,2
DA:9,2
DA:10,1
DA:11,1
DA:12,1
DA:15,3
LF:9
LH:9
BRDA:9,0,0,0
BRDA:16,1,0,3
BRDA:16,1,1,3
BRF:3
BRH:2
end_of_record
TN:
SF:src\components\Search\index.tsx
FN:8,(anonymous_1)
FN:13,(anonymous_2)
FN:17,(anonymous_3)
FNF:3
FNH:3
FNDA:2,(anonymous_1)
FNDA:1,(anonymous_2)
FNDA:2,(anonymous_3)
DA:1,1
DA:2,1
DA:3,1
DA:4,1
DA:5,1
DA:6,1
DA:8,1
DA:9,2
DA:10,2
DA:11,2
DA:13,2
DA:14,1
DA:17,2
DA:18,2
DA:19,2
DA:20,0
DA:23,0
DA:27,2
LF:18
LH:16
BRDA:19,0,0,0
BRDA:31,1,0,2
BRDA:31,1,1,2
BRF:3
BRH:2
end_of_record
TN:
SF:src\components\UI\Button\index.tsx
FN:8,(anonymous_0)
FNF:1
FNH:0
FNDA:0,(anonymous_0)
DA:8,0
DA:9,0
LF:2
LH:0
BRF:0
BRH:0
end_of_record
TN:
SF:src\components\UI\Input\indext.tsx
FN:8,(anonymous_0)
FNF:1
FNH:1
FNDA:2,(anonymous_0)
DA:8,1
DA:9,2
LF:2
LH:2
BRF:0
BRH:0
end_of_record
TN:
SF:src\components\UI\Wrapper\index.tsx
FN:8,(anonymous_1)
FNF:1
FNH:1
FNDA:6,(anonymous_1)
DA:2,1
DA:8,1
DA:9,6
LF:3
LH:3
BRF:0
BRH:0
end_of_record
TN:
SF:src\helpers\LocalStorageManager.ts
FN:2,(anonymous_0)
FN:12,(anonymous_1)
FNF:2
FNH:2
FNDA:2,(anonymous_0)
FNDA:1,(anonymous_1)
DA:1,1
DA:3,2
DA:4,2
DA:5,2
DA:7,0
DA:8,0
DA:13,1
DA:14,1
DA:15,1
DA:17,0
LF:10
LH:7
BRDA:5,0,0,1
BRDA:5,0,1,1
BRF:2
BRH:2
end_of_record
TN:
SF:src\helpers\getNumberOfPages.ts
FN:3,(anonymous_0)
FNF:1
FNH:1
FNDA:3,(anonymous_0)
DA:3,1
DA:4,3
LF:2
LH:2
BRF:0
BRH:0
end_of_record
TN:
SF:src\helpers\getPersonId.ts
FN:1,(anonymous_0)
FNF:1
FNH:1
FNDA:83,(anonymous_0)
DA:1,3
DA:2,83
DA:3,83
LF:3
LH:3
BRF:0
BRH:0
end_of_record
TN:
SF:src\layouts\MainLayout.tsx
FN:7,(anonymous_1)
FN:11,(anonymous_2)
FN:14,(anonymous_3)
FN:19,(anonymous_4)
FN:22,(anonymous_5)
FNF:5
FNH:0
FNDA:0,(anonymous_1)
FNDA:0,(anonymous_2)
FNDA:0,(anonymous_3)
FNDA:0,(anonymous_4)
FNDA:0,(anonymous_5)
DA:1,0
DA:2,0
DA:3,0
DA:4,0
DA:5,0
DA:7,0
DA:8,0
DA:9,0
DA:11,0
DA:12,0
DA:13,0
DA:14,0
DA:15,0
DA:16,0
DA:18,0
DA:20,0
DA:22,0
DA:25,0
LF:18
LH:0
BRDA:12,0,0,0
BRDA:12,0,1,0
BRDA:15,1,0,0
BRDA:15,1,1,0
BRDA:15,2,0,0
BRDA:15,2,1,0
BRF:6
BRH:0
end_of_record
TN:
SF:src\layouts\ContentLayout\index.tsx
FN:5,(anonymous_1)
FNF:1
FNH:0
FNDA:0,(anonymous_1)
DA:1,0
DA:2,0
DA:3,0
DA:5,0
DA:6,0
LF:5
LH:0
BRF:0
BRH:0
end_of_record
TN:
SF:src\providers\SearchProviders.tsx
FN:25,(anonymous_0)
FN:27,(anonymous_1)
FN:29,(anonymous_2)
FN:31,(anonymous_3)
FN:33,(anonymous_4)
FN:42,(anonymous_5)
FN:49,(anonymous_6)
FN:53,(anonymous_7)
FN:56,(anonymous_8)
FN:59,(anonymous_9)
FN:62,(anonymous_10)
FNF:11
FNH:0
FNDA:0,(anonymous_0)
FNDA:0,(anonymous_1)
FNDA:0,(anonymous_2)
FNDA:0,(anonymous_3)
FNDA:0,(anonymous_4)
FNDA:0,(anonymous_5)
FNDA:0,(anonymous_6)
FNDA:0,(anonymous_7)
FNDA:0,(anonymous_8)
FNDA:0,(anonymous_9)
FNDA:0,(anonymous_10)
DA:1,4
DA:23,4
DA:36,4
DA:42,4
DA:43,0
DA:44,0
DA:45,0
DA:46,0
DA:47,0
DA:49,0
DA:50,0
DA:53,0
DA:54,0
DA:56,0
DA:57,0
DA:59,0
DA:60,0
DA:62,0
DA:63,0
DA:66,0
DA:79,0
DA:86,4
LF:22
LH:5
BRF:0
BRH:0
end_of_record
